{"/home/travis/build/npmtest/node-npmtest-angular-google-chart/test.js":{"path":"/home/travis/build/npmtest/node-npmtest-angular-google-chart/test.js","s":{"1":2,"2":2,"3":2,"4":2,"5":2,"6":2,"7":2,"8":1,"9":2,"10":2,"11":1,"12":1,"13":1,"14":1,"15":2,"16":2,"17":2,"18":2,"19":1,"20":1,"21":2,"22":2,"23":2,"24":1,"25":1,"26":1,"27":1,"28":1,"29":1,"30":1,"31":1,"32":1,"33":1,"34":1,"35":1,"36":1,"37":1,"38":1,"39":2,"40":2,"41":1,"42":2,"43":2,"44":1,"45":2,"46":2,"47":1,"48":2,"49":2,"50":1,"51":1,"52":1,"53":1,"54":1},"b":{"1":[2,1,1,1],"2":[1,1,1,1],"3":[1,1],"4":[1,1],"5":[1,1],"6":[1,1],"7":[1,1],"8":[1,1],"9":[1,1],"10":[1,1,1],"11":[1,1],"12":[1,1],"13":[1,1],"14":[1,1],"15":[1,1],"16":[1,1],"17":[1,1]},"f":{"1":2,"2":2,"3":2,"4":2,"5":2,"6":1,"7":1,"8":1,"9":2,"10":2,"11":2,"12":2,"13":1},"fnMap":{"1":{"name":"(anonymous_1)","line":12,"loc":{"start":{"line":12,"column":1},"end":{"line":12,"column":13}}},"2":{"name":"(anonymous_2)","line":19,"loc":{"start":{"line":19,"column":5},"end":{"line":19,"column":17}}},"3":{"name":"(anonymous_3)","line":23,"loc":{"start":{"line":23,"column":24},"end":{"line":23,"column":36}}},"4":{"name":"(anonymous_4)","line":61,"loc":{"start":{"line":61,"column":5},"end":{"line":61,"column":17}}},"5":{"name":"(anonymous_5)","line":82,"loc":{"start":{"line":82,"column":5},"end":{"line":82,"column":17}}},"6":{"name":"(anonymous_6)","line":91,"loc":{"start":{"line":91,"column":77},"end":{"line":94,"column":10}}},"7":{"name":"(anonymous_7)","line":112,"loc":{"start":{"line":112,"column":83},"end":{"line":115,"column":10}},"skip":true},"8":{"name":"(anonymous_8)","line":123,"loc":{"start":{"line":123,"column":77},"end":{"line":126,"column":10}},"skip":true},"9":{"name":"(anonymous_9)","line":139,"loc":{"start":{"line":139,"column":12},"end":{"line":139,"column":40}},"skip":true},"10":{"name":"(anonymous_10)","line":147,"loc":{"start":{"line":147,"column":77},"end":{"line":150,"column":10}},"skip":true},"11":{"name":"(anonymous_11)","line":158,"loc":{"start":{"line":158,"column":83},"end":{"line":161,"column":10}},"skip":true},"12":{"name":"(anonymous_12)","line":169,"loc":{"start":{"line":169,"column":79},"end":{"line":172,"column":10}},"skip":true},"13":{"name":"(anonymous_13)","line":180,"loc":{"start":{"line":180,"column":75},"end":{"line":183,"column":10}},"skip":true}},"statementMap":{"1":{"start":{"line":12,"column":0},"end":{"line":195,"column":5}},"2":{"start":{"line":14,"column":4},"end":{"line":14,"column":14}},"3":{"start":{"line":19,"column":4},"end":{"line":56,"column":9}},"4":{"start":{"line":21,"column":8},"end":{"line":21,"column":19}},"5":{"start":{"line":23,"column":8},"end":{"line":35,"column":13}},"6":{"start":{"line":24,"column":12},"end":{"line":34,"column":13}},"7":{"start":{"line":25,"column":16},"end":{"line":28,"column":30}},"8":{"start":{"line":30,"column":16},"end":{"line":33,"column":27}},"9":{"start":{"line":37,"column":8},"end":{"line":39,"column":21}},"10":{"start":{"line":40,"column":8},"end":{"line":53,"column":9}},"11":{"start":{"line":43,"column":12},"end":{"line":46,"column":14}},"12":{"start":{"line":47,"column":12},"end":{"line":47,"column":18}},"13":{"start":{"line":50,"column":12},"end":{"line":51,"column":33}},"14":{"start":{"line":52,"column":12},"end":{"line":52,"column":18}},"15":{"start":{"line":55,"column":8},"end":{"line":55,"column":35}},"16":{"start":{"line":61,"column":4},"end":{"line":63,"column":9}},"17":{"start":{"line":62,"column":8},"end":{"line":62,"column":15}},"18":{"start":{"line":64,"column":4},"end":{"line":77,"column":5}},"19":{"start":{"line":70,"column":8},"end":{"line":70,"column":14}},"20":{"start":{"line":76,"column":8},"end":{"line":76,"column":14}},"21":{"start":{"line":82,"column":4},"end":{"line":84,"column":9}},"22":{"start":{"line":83,"column":8},"end":{"line":83,"column":15}},"23":{"start":{"line":85,"column":4},"end":{"line":194,"column":5}},"24":{"start":{"line":91,"column":8},"end":{"line":99,"column":10}},"25":{"start":{"line":98,"column":12},"end":{"line":98,"column":35}},"26":{"start":{"line":102,"column":8},"end":{"line":104,"column":63}},"27":{"start":{"line":105,"column":8},"end":{"line":105,"column":14}},"28":{"start":{"line":112,"column":8},"end":{"line":121,"column":10},"skip":true},"29":{"start":{"line":119,"column":12},"end":{"line":119,"column":55},"skip":true},"30":{"start":{"line":120,"column":12},"end":{"line":120,"column":48},"skip":true},"31":{"start":{"line":123,"column":8},"end":{"line":136,"column":10},"skip":true},"32":{"start":{"line":130,"column":12},"end":{"line":130,"column":76},"skip":true},"33":{"start":{"line":131,"column":12},"end":{"line":131,"column":73},"skip":true},"34":{"start":{"line":132,"column":12},"end":{"line":132,"column":74},"skip":true},"35":{"start":{"line":133,"column":12},"end":{"line":133,"column":79},"skip":true},"36":{"start":{"line":134,"column":12},"end":{"line":134,"column":25},"skip":true},"37":{"start":{"line":135,"column":12},"end":{"line":135,"column":45},"skip":true},"38":{"start":{"line":138,"column":8},"end":{"line":145,"column":14},"skip":true},"39":{"start":{"line":143,"column":16},"end":{"line":143,"column":29},"skip":true},"40":{"start":{"line":144,"column":16},"end":{"line":144,"column":55},"skip":true},"41":{"start":{"line":147,"column":8},"end":{"line":156,"column":10},"skip":true},"42":{"start":{"line":154,"column":12},"end":{"line":154,"column":25},"skip":true},"43":{"start":{"line":155,"column":12},"end":{"line":155,"column":45},"skip":true},"44":{"start":{"line":158,"column":8},"end":{"line":167,"column":10},"skip":true},"45":{"start":{"line":165,"column":12},"end":{"line":165,"column":25},"skip":true},"46":{"start":{"line":166,"column":12},"end":{"line":166,"column":48},"skip":true},"47":{"start":{"line":169,"column":8},"end":{"line":178,"column":10},"skip":true},"48":{"start":{"line":176,"column":12},"end":{"line":176,"column":25},"skip":true},"49":{"start":{"line":177,"column":12},"end":{"line":177,"column":46},"skip":true},"50":{"start":{"line":180,"column":8},"end":{"line":189,"column":10},"skip":true},"51":{"start":{"line":187,"column":12},"end":{"line":187,"column":94},"skip":true},"52":{"start":{"line":188,"column":12},"end":{"line":188,"column":48},"skip":true},"53":{"start":{"line":192,"column":8},"end":{"line":192,"column":35},"skip":true},"54":{"start":{"line":193,"column":8},"end":{"line":193,"column":14},"skip":true}},"branchMap":{"1":{"line":25,"type":"binary-expr","locations":[{"start":{"line":25,"column":23},"end":{"line":25,"column":62}},{"start":{"line":26,"column":20},"end":{"line":26,"column":70}},{"start":{"line":27,"column":20},"end":{"line":27,"column":71}},{"start":{"line":28,"column":20},"end":{"line":28,"column":29}}]},"2":{"line":30,"type":"binary-expr","locations":[{"start":{"line":30,"column":23},"end":{"line":30,"column":37}},{"start":{"line":31,"column":20},"end":{"line":31,"column":61}},{"start":{"line":32,"column":20},"end":{"line":32,"column":70}},{"start":{"line":33,"column":20},"end":{"line":33,"column":26}}]},"3":{"line":37,"type":"cond-expr","locations":[{"start":{"line":38,"column":14},"end":{"line":38,"column":20}},{"start":{"line":39,"column":14},"end":{"line":39,"column":20}}]},"4":{"line":40,"type":"switch","locations":[{"start":{"line":42,"column":8},"end":{"line":47,"column":18}},{"start":{"line":49,"column":8},"end":{"line":52,"column":18}}]},"5":{"line":44,"type":"binary-expr","locations":[{"start":{"line":44,"column":16},"end":{"line":44,"column":44}},{"start":{"line":44,"column":48},"end":{"line":44,"column":66}}]},"6":{"line":50,"type":"binary-expr","locations":[{"start":{"line":50,"column":21},"end":{"line":50,"column":49}},{"start":{"line":50,"column":53},"end":{"line":50,"column":72}}]},"7":{"line":64,"type":"switch","locations":[{"start":{"line":69,"column":4},"end":{"line":70,"column":14}},{"start":{"line":75,"column":4},"end":{"line":76,"column":14}}]},"8":{"line":85,"type":"switch","locations":[{"start":{"line":90,"column":4},"end":{"line":105,"column":14}},{"start":{"line":111,"column":4},"end":{"line":193,"column":14},"skip":true}]},"9":{"line":91,"type":"binary-expr","locations":[{"start":{"line":91,"column":42},"end":{"line":91,"column":73}},{"start":{"line":91,"column":77},"end":{"line":99,"column":9}}]},"10":{"line":102,"type":"binary-expr","locations":[{"start":{"line":102,"column":18},"end":{"line":102,"column":32}},{"start":{"line":103,"column":12},"end":{"line":103,"column":53}},{"start":{"line":104,"column":12},"end":{"line":104,"column":61}}]},"11":{"line":112,"type":"binary-expr","locations":[{"start":{"line":112,"column":45},"end":{"line":112,"column":79},"skip":true},{"start":{"line":112,"column":83},"end":{"line":121,"column":9},"skip":true}]},"12":{"line":123,"type":"binary-expr","locations":[{"start":{"line":123,"column":42},"end":{"line":123,"column":73},"skip":true},{"start":{"line":123,"column":77},"end":{"line":136,"column":9},"skip":true}]},"13":{"line":138,"type":"binary-expr","locations":[{"start":{"line":138,"column":48},"end":{"line":138,"column":85},"skip":true},{"start":{"line":139,"column":12},"end":{"line":145,"column":13},"skip":true}]},"14":{"line":147,"type":"binary-expr","locations":[{"start":{"line":147,"column":42},"end":{"line":147,"column":73},"skip":true},{"start":{"line":147,"column":77},"end":{"line":156,"column":9},"skip":true}]},"15":{"line":158,"type":"binary-expr","locations":[{"start":{"line":158,"column":45},"end":{"line":158,"column":79},"skip":true},{"start":{"line":158,"column":83},"end":{"line":167,"column":9},"skip":true}]},"16":{"line":169,"type":"binary-expr","locations":[{"start":{"line":169,"column":43},"end":{"line":169,"column":75},"skip":true},{"start":{"line":169,"column":79},"end":{"line":178,"column":9},"skip":true}]},"17":{"line":180,"type":"binary-expr","locations":[{"start":{"line":180,"column":41},"end":{"line":180,"column":71},"skip":true},{"start":{"line":180,"column":75},"end":{"line":189,"column":9},"skip":true}]}},"code":["/* istanbul instrument in package npmtest_angular_google_chart */","/*jslint","    bitwise: true,","    browser: true,","    maxerr: 8,","    maxlen: 96,","    node: true,","    nomen: true,","    regexp: true,","    stupid: true","*/","(function () {","    'use strict';","    var local;","","","","    // run shared js-env code - pre-init","    (function () {","        // init local","        local = {};","        // init modeJs","        local.modeJs = (function () {","            try {","                return typeof navigator.userAgent === 'string' &&","                    typeof document.querySelector('body') === 'object' &&","                    typeof XMLHttpRequest.prototype.open === 'function' &&","                    'browser';","            } catch (errorCaughtBrowser) {","                return module.exports &&","                    typeof process.versions.node === 'string' &&","                    typeof require('http').createServer === 'function' &&","                    'node';","            }","        }());","        // init global","        local.global = local.modeJs === 'browser'","            ? window","            : global;","        switch (local.modeJs) {","        // re-init local from window.local","        case 'browser':","            local = local.global.utility2.objectSetDefault(","                local.global.utility2_rollup || local.global.local,","                local.global.utility2","            );","            break;","        // re-init local from example.js","        case 'node':","            local = (local.global.utility2_rollup || require('utility2'))","                .requireReadme();","            break;","        }","        // export local","        local.global.local = local;","    }());","","","","    // run shared js-env code - function","    (function () {","        return;","    }());","    switch (local.modeJs) {","","","","    // run browser js-env code - function","    case 'browser':","        break;","","","","    // run node js-env code - function","    case 'node':","        break;","    }","","","","    // run shared js-env code - post-init","    (function () {","        return;","    }());","    switch (local.modeJs) {","","","","    // run browser js-env code - post-init","    case 'browser':","        local.testCase_browser_nullCase = local.testCase_browser_nullCase || function (","            options,","            onError","        ) {","        /*","         * this function will test browsers's null-case handling-behavior-behavior","         */","            onError(null, options);","        };","","        // run tests","        local.nop(local.modeTest &&","            document.querySelector('#testRunButton1') &&","            document.querySelector('#testRunButton1').click());","        break;","","","","    // run node js-env code - post-init","    /* istanbul ignore next */","    case 'node':","        local.testCase_buildApidoc_default = local.testCase_buildApidoc_default || function (","            options,","            onError","        ) {","        /*","         * this function will test buildApidoc's default handling-behavior-behavior","         */","            options = { modulePathList: module.paths };","            local.buildApidoc(options, onError);","        };","","        local.testCase_buildApp_default = local.testCase_buildApp_default || function (","            options,","            onError","        ) {","        /*","         * this function will test buildApp's default handling-behavior-behavior","         */","            local.testCase_buildReadme_default(options, local.onErrorThrow);","            local.testCase_buildLib_default(options, local.onErrorThrow);","            local.testCase_buildTest_default(options, local.onErrorThrow);","            local.testCase_buildCustomOrg_default(options, local.onErrorThrow);","            options = [];","            local.buildApp(options, onError);","        };","","        local.testCase_buildCustomOrg_default = local.testCase_buildCustomOrg_default ||","            function (options, onError) {","            /*","             * this function will test buildCustomOrg's default handling-behavior","             */","                options = {};","                local.buildCustomOrg(options, onError);","            };","","        local.testCase_buildLib_default = local.testCase_buildLib_default || function (","            options,","            onError","        ) {","        /*","         * this function will test buildLib's default handling-behavior","         */","            options = {};","            local.buildLib(options, onError);","        };","","        local.testCase_buildReadme_default = local.testCase_buildReadme_default || function (","            options,","            onError","        ) {","        /*","         * this function will test buildReadme's default handling-behavior-behavior","         */","            options = {};","            local.buildReadme(options, onError);","        };","","        local.testCase_buildTest_default = local.testCase_buildTest_default || function (","            options,","            onError","        ) {","        /*","         * this function will test buildTest's default handling-behavior","         */","            options = {};","            local.buildTest(options, onError);","        };","","        local.testCase_webpage_default = local.testCase_webpage_default || function (","            options,","            onError","        ) {","        /*","         * this function will test webpage's default handling-behavior","         */","            options = { modeCoverageMerge: true, url: local.serverLocalHost + '?modeTest=1' };","            local.browserTest(options, onError);","        };","","        // run test-server","        local.testRunServer(local);","        break;","    }","}());",""],"l":{"12":2,"14":2,"19":2,"21":2,"23":2,"24":2,"25":2,"30":1,"37":2,"40":2,"43":1,"47":1,"50":1,"52":1,"55":2,"61":2,"62":2,"64":2,"70":1,"76":1,"82":2,"83":2,"85":2,"91":1,"98":1,"102":1,"105":1,"112":1,"119":1,"120":1,"123":1,"130":1,"131":1,"132":1,"133":1,"134":1,"135":1,"138":1,"143":2,"144":2,"147":1,"154":2,"155":2,"158":1,"165":2,"166":2,"169":1,"176":2,"177":2,"180":1,"187":1,"188":1,"192":1,"193":1}},"/home/travis/build/npmtest/node-npmtest-angular-google-chart/lib.npmtest_angular_google_chart.js":{"path":"/home/travis/build/npmtest/node-npmtest-angular-google-chart/lib.npmtest_angular_google_chart.js","s":{"1":2,"2":2,"3":2,"4":2,"5":2,"6":2,"7":2,"8":1,"9":2,"10":2,"11":2,"12":2,"13":1,"14":1,"15":1,"16":1},"b":{"1":[2,1,1,1],"2":[1,1,1,1],"3":[1,1],"4":[2,2],"5":[1,1]},"f":{"1":2,"2":2,"3":2},"fnMap":{"1":{"name":"(anonymous_1)","line":12,"loc":{"start":{"line":12,"column":1},"end":{"line":12,"column":13}}},"2":{"name":"(anonymous_2)","line":19,"loc":{"start":{"line":19,"column":5},"end":{"line":19,"column":17}}},"3":{"name":"(anonymous_3)","line":23,"loc":{"start":{"line":23,"column":24},"end":{"line":23,"column":36}}}},"statementMap":{"1":{"start":{"line":12,"column":0},"end":{"line":53,"column":5}},"2":{"start":{"line":14,"column":4},"end":{"line":14,"column":14}},"3":{"start":{"line":19,"column":4},"end":{"line":52,"column":9}},"4":{"start":{"line":21,"column":8},"end":{"line":21,"column":19}},"5":{"start":{"line":23,"column":8},"end":{"line":35,"column":13}},"6":{"start":{"line":24,"column":12},"end":{"line":34,"column":13}},"7":{"start":{"line":25,"column":16},"end":{"line":28,"column":30}},"8":{"start":{"line":30,"column":16},"end":{"line":33,"column":27}},"9":{"start":{"line":37,"column":8},"end":{"line":39,"column":21}},"10":{"start":{"line":41,"column":8},"end":{"line":41,"column":54}},"11":{"start":{"line":43,"column":8},"end":{"line":43,"column":65}},"12":{"start":{"line":45,"column":8},"end":{"line":51,"column":9}},"13":{"start":{"line":46,"column":12},"end":{"line":46,"column":71}},"14":{"start":{"line":48,"column":12},"end":{"line":48,"column":35}},"15":{"start":{"line":49,"column":12},"end":{"line":49,"column":49}},"16":{"start":{"line":50,"column":12},"end":{"line":50,"column":43}}},"branchMap":{"1":{"line":25,"type":"binary-expr","locations":[{"start":{"line":25,"column":23},"end":{"line":25,"column":62}},{"start":{"line":26,"column":20},"end":{"line":26,"column":70}},{"start":{"line":27,"column":20},"end":{"line":27,"column":71}},{"start":{"line":28,"column":20},"end":{"line":28,"column":29}}]},"2":{"line":30,"type":"binary-expr","locations":[{"start":{"line":30,"column":23},"end":{"line":30,"column":37}},{"start":{"line":31,"column":20},"end":{"line":31,"column":61}},{"start":{"line":32,"column":20},"end":{"line":32,"column":70}},{"start":{"line":33,"column":20},"end":{"line":33,"column":26}}]},"3":{"line":37,"type":"cond-expr","locations":[{"start":{"line":38,"column":14},"end":{"line":38,"column":20}},{"start":{"line":39,"column":14},"end":{"line":39,"column":20}}]},"4":{"line":41,"type":"binary-expr","locations":[{"start":{"line":41,"column":16},"end":{"line":41,"column":44}},{"start":{"line":41,"column":48},"end":{"line":41,"column":53}}]},"5":{"line":45,"type":"if","locations":[{"start":{"line":45,"column":8},"end":{"line":45,"column":8}},{"start":{"line":45,"column":8},"end":{"line":45,"column":8}}]}},"code":["/* istanbul instrument in package npmtest_angular_google_chart */","/*jslint","    bitwise: true,","    browser: true,","    maxerr: 8,","    maxlen: 96,","    node: true,","    nomen: true,","    regexp: true,","    stupid: true","*/","(function () {","    'use strict';","    var local;","","","","    // run shared js-env code - pre-init","    (function () {","        // init local","        local = {};","        // init modeJs","        local.modeJs = (function () {","            try {","                return typeof navigator.userAgent === 'string' &&","                    typeof document.querySelector('body') === 'object' &&","                    typeof XMLHttpRequest.prototype.open === 'function' &&","                    'browser';","            } catch (errorCaughtBrowser) {","                return module.exports &&","                    typeof process.versions.node === 'string' &&","                    typeof require('http').createServer === 'function' &&","                    'node';","            }","        }());","        // init global","        local.global = local.modeJs === 'browser'","            ? window","            : global;","        // init utility2_rollup","        local = local.global.utility2_rollup || local;","        // init lib","        local.local = local.npmtest_angular_google_chart = local;","        // init exports","        if (local.modeJs === 'browser') {","            local.global.utility2_npmtest_angular_google_chart = local;","        } else {","            module.exports = local;","            module.exports.__dirname = __dirname;","            module.exports.module = module;","        }","    }());","}());",""],"l":{"12":2,"14":2,"19":2,"21":2,"23":2,"24":2,"25":2,"30":1,"37":2,"41":2,"43":2,"45":2,"46":1,"48":1,"49":1,"50":1}},"/home/travis/build/npmtest/node-npmtest-angular-google-chart/example.js":{"path":"/home/travis/build/npmtest/node-npmtest-angular-google-chart/example.js","s":{"1":2,"2":2,"3":2,"4":2,"5":2,"6":2,"7":2,"8":1,"9":2,"10":2,"11":2,"12":2,"13":1,"14":2,"15":2,"16":2,"17":2,"18":2,"19":0,"20":2,"21":1,"22":1,"23":1,"24":1,"25":1,"26":0,"27":0,"28":1,"29":1,"30":2,"31":0,"32":0,"33":0,"34":1,"35":2,"36":2,"37":3,"38":3,"39":3,"40":3,"41":0,"42":3,"43":3,"44":3,"45":1,"46":3,"47":1,"48":1,"49":1,"50":1,"51":1,"52":1,"53":1,"54":1,"55":1,"56":1,"57":0,"58":1,"59":6,"60":6,"61":1,"62":2,"63":0,"64":2,"65":1,"66":1,"67":0,"68":0,"69":0,"70":0,"71":0,"72":0,"73":0,"74":0,"75":0,"76":0,"77":0,"78":0,"79":0,"80":0,"81":0,"82":0,"83":0},"b":{"1":[2,1,1,1],"2":[1,1,1,1],"3":[1,1],"4":[2,2],"5":[1,1],"6":[1,1],"7":[2,0],"8":[2,1,1,1,1,1],"9":[0,2,0],"10":[1,1],"11":[2,1,1],"12":[1,0],"13":[0,2],"14":[2,0,0,0,0,0,0],"15":[0,3],"16":[3,0],"17":[1,1],"18":[0,1],"19":[1,2,0,2],"20":[1,0],"21":[1,1],"22":[0,0],"23":[0,0],"24":[0,0],"25":[0,0],"26":[0,0],"27":[0,0],"28":[0,0]},"f":{"1":2,"2":2,"3":2,"4":2,"5":2,"6":2,"7":3,"8":3,"9":3,"10":1,"11":6,"12":0},"fnMap":{"1":{"name":"(anonymous_1)","line":26,"loc":{"start":{"line":26,"column":1},"end":{"line":26,"column":13}}},"2":{"name":"(anonymous_2)","line":33,"loc":{"start":{"line":33,"column":5},"end":{"line":33,"column":17}}},"3":{"name":"(anonymous_3)","line":37,"loc":{"start":{"line":37,"column":24},"end":{"line":37,"column":36}}},"4":{"name":"(anonymous_4)","line":69,"loc":{"start":{"line":69,"column":31},"end":{"line":69,"column":48}},"skip":true},"5":{"name":"(anonymous_5)","line":78,"loc":{"start":{"line":78,"column":26},"end":{"line":78,"column":45}},"skip":true},"6":{"name":"(anonymous_6)","line":123,"loc":{"start":{"line":123,"column":33},"end":{"line":123,"column":48}},"skip":true},"7":{"name":"(anonymous_7)","line":125,"loc":{"start":{"line":125,"column":27},"end":{"line":125,"column":39}},"skip":true},"8":{"name":"(anonymous_8)","line":133,"loc":{"start":{"line":133,"column":59},"end":{"line":133,"column":74}},"skip":true},"9":{"name":"(anonymous_9)","line":143,"loc":{"start":{"line":143,"column":45},"end":{"line":143,"column":62}},"skip":true},"10":{"name":"(anonymous_10)","line":144,"loc":{"start":{"line":144,"column":73},"end":{"line":144,"column":92}},"skip":true},"11":{"name":"(anonymous_11)","line":272,"loc":{"start":{"line":272,"column":51},"end":{"line":272,"column":77}},"skip":true},"12":{"name":"(anonymous_12)","line":315,"loc":{"start":{"line":315,"column":32},"end":{"line":315,"column":61}},"skip":true}},"statementMap":{"1":{"start":{"line":26,"column":0},"end":{"line":326,"column":5}},"2":{"start":{"line":28,"column":4},"end":{"line":28,"column":14}},"3":{"start":{"line":33,"column":4},"end":{"line":60,"column":9}},"4":{"start":{"line":35,"column":8},"end":{"line":35,"column":19}},"5":{"start":{"line":37,"column":8},"end":{"line":49,"column":13}},"6":{"start":{"line":38,"column":12},"end":{"line":48,"column":13}},"7":{"start":{"line":39,"column":16},"end":{"line":42,"column":30}},"8":{"start":{"line":44,"column":16},"end":{"line":47,"column":27}},"9":{"start":{"line":51,"column":8},"end":{"line":53,"column":21}},"10":{"start":{"line":55,"column":8},"end":{"line":57,"column":45}},"11":{"start":{"line":59,"column":8},"end":{"line":59,"column":35}},"12":{"start":{"line":61,"column":4},"end":{"line":325,"column":5}},"13":{"start":{"line":69,"column":8},"end":{"line":121,"column":10},"skip":true},"14":{"start":{"line":70,"column":12},"end":{"line":88,"column":13},"skip":true},"15":{"start":{"line":76,"column":16},"end":{"line":87,"column":19},"skip":true},"16":{"start":{"line":79,"column":20},"end":{"line":86,"column":21},"skip":true},"17":{"start":{"line":82,"column":24},"end":{"line":82,"column":43},"skip":true},"18":{"start":{"line":83,"column":24},"end":{"line":83,"column":30},"skip":true},"19":{"start":{"line":85,"column":24},"end":{"line":85,"column":49},"skip":true},"20":{"start":{"line":89,"column":12},"end":{"line":107,"column":13},"skip":true},"21":{"start":{"line":92,"column":16},"end":{"line":102,"column":17},"skip":true},"22":{"start":{"line":93,"column":20},"end":{"line":93,"column":86},"skip":true},"23":{"start":{"line":94,"column":20},"end":{"line":95,"column":45},"skip":true},"24":{"start":{"line":96,"column":20},"end":{"line":96,"column":42},"skip":true},"25":{"start":{"line":97,"column":20},"end":{"line":97,"column":48},"skip":true},"26":{"start":{"line":100,"column":20},"end":{"line":100,"column":85},"skip":true},"27":{"start":{"line":101,"column":20},"end":{"line":101,"column":96},"skip":true},"28":{"start":{"line":103,"column":16},"end":{"line":103,"column":22},"skip":true},"29":{"start":{"line":106,"column":16},"end":{"line":106,"column":22},"skip":true},"30":{"start":{"line":108,"column":12},"end":{"line":120,"column":13},"skip":true},"31":{"start":{"line":114,"column":16},"end":{"line":119,"column":17},"skip":true},"32":{"start":{"line":116,"column":20},"end":{"line":116,"column":78},"skip":true},"33":{"start":{"line":118,"column":20},"end":{"line":118,"column":47},"skip":true},"34":{"start":{"line":123,"column":8},"end":{"line":141,"column":11},"skip":true},"35":{"start":{"line":124,"column":12},"end":{"line":124,"column":54},"skip":true},"36":{"start":{"line":125,"column":12},"end":{"line":140,"column":14},"skip":true},"37":{"start":{"line":126,"column":16},"end":{"line":126,"column":28},"skip":true},"38":{"start":{"line":127,"column":16},"end":{"line":127,"column":69},"skip":true},"39":{"start":{"line":128,"column":16},"end":{"line":128,"column":75},"skip":true},"40":{"start":{"line":129,"column":16},"end":{"line":131,"column":17},"skip":true},"41":{"start":{"line":130,"column":20},"end":{"line":130,"column":27},"skip":true},"42":{"start":{"line":133,"column":16},"end":{"line":137,"column":36},"skip":true},"43":{"start":{"line":134,"column":20},"end":{"line":136,"column":55},"skip":true},"44":{"start":{"line":139,"column":16},"end":{"line":139,"column":57},"skip":true},"45":{"start":{"line":143,"column":8},"end":{"line":147,"column":11},"skip":true},"46":{"start":{"line":144,"column":12},"end":{"line":146,"column":15},"skip":true},"47":{"start":{"line":145,"column":16},"end":{"line":145,"column":70},"skip":true},"48":{"start":{"line":149,"column":8},"end":{"line":149,"column":31},"skip":true},"49":{"start":{"line":150,"column":8},"end":{"line":150,"column":14},"skip":true},"50":{"start":{"line":158,"column":8},"end":{"line":158,"column":31},"skip":true},"51":{"start":{"line":160,"column":8},"end":{"line":160,"column":33},"skip":true},"52":{"start":{"line":161,"column":8},"end":{"line":161,"column":37},"skip":true},"53":{"start":{"line":162,"column":8},"end":{"line":162,"column":35},"skip":true},"54":{"start":{"line":164,"column":8},"end":{"line":164,"column":50},"skip":true},"55":{"start":{"line":166,"column":8},"end":{"line":256,"column":2},"skip":true},"56":{"start":{"line":258,"column":8},"end":{"line":286,"column":9},"skip":true},"57":{"start":{"line":259,"column":12},"end":{"line":269,"column":14},"skip":true},"58":{"start":{"line":271,"column":12},"end":{"line":285,"column":19},"skip":true},"59":{"start":{"line":274,"column":20},"end":{"line":274,"column":35},"skip":true},"60":{"start":{"line":275,"column":20},"end":{"line":284,"column":21},"skip":true},"61":{"start":{"line":277,"column":24},"end":{"line":277,"column":64},"skip":true},"62":{"start":{"line":279,"column":24},"end":{"line":279,"column":40},"skip":true},"63":{"start":{"line":281,"column":24},"end":{"line":281,"column":40},"skip":true},"64":{"start":{"line":283,"column":24},"end":{"line":283,"column":39},"skip":true},"65":{"start":{"line":288,"column":8},"end":{"line":290,"column":9},"skip":true},"66":{"start":{"line":289,"column":12},"end":{"line":289,"column":18},"skip":true},"67":{"start":{"line":291,"column":8},"end":{"line":293,"column":54},"skip":true},"68":{"start":{"line":296,"column":8},"end":{"line":301,"column":37},"skip":true},"69":{"start":{"line":303,"column":8},"end":{"line":303,"column":82},"skip":true},"70":{"start":{"line":306,"column":8},"end":{"line":308,"column":9},"skip":true},"71":{"start":{"line":307,"column":12},"end":{"line":307,"column":82},"skip":true},"72":{"start":{"line":310,"column":8},"end":{"line":312,"column":9},"skip":true},"73":{"start":{"line":311,"column":12},"end":{"line":311,"column":18},"skip":true},"74":{"start":{"line":313,"column":8},"end":{"line":313,"column":54},"skip":true},"75":{"start":{"line":314,"column":8},"end":{"line":314,"column":69},"skip":true},"76":{"start":{"line":315,"column":8},"end":{"line":323,"column":36},"skip":true},"77":{"start":{"line":316,"column":12},"end":{"line":316,"column":61},"skip":true},"78":{"start":{"line":317,"column":12},"end":{"line":320,"column":13},"skip":true},"79":{"start":{"line":318,"column":16},"end":{"line":318,"column":75},"skip":true},"80":{"start":{"line":319,"column":16},"end":{"line":319,"column":23},"skip":true},"81":{"start":{"line":321,"column":12},"end":{"line":321,"column":38},"skip":true},"82":{"start":{"line":322,"column":12},"end":{"line":322,"column":27},"skip":true},"83":{"start":{"line":324,"column":8},"end":{"line":324,"column":14},"skip":true}},"branchMap":{"1":{"line":39,"type":"binary-expr","locations":[{"start":{"line":39,"column":23},"end":{"line":39,"column":62}},{"start":{"line":40,"column":20},"end":{"line":40,"column":70}},{"start":{"line":41,"column":20},"end":{"line":41,"column":71}},{"start":{"line":42,"column":20},"end":{"line":42,"column":29}}]},"2":{"line":44,"type":"binary-expr","locations":[{"start":{"line":44,"column":23},"end":{"line":44,"column":37}},{"start":{"line":45,"column":20},"end":{"line":45,"column":61}},{"start":{"line":46,"column":20},"end":{"line":46,"column":70}},{"start":{"line":47,"column":20},"end":{"line":47,"column":26}}]},"3":{"line":51,"type":"cond-expr","locations":[{"start":{"line":52,"column":14},"end":{"line":52,"column":20}},{"start":{"line":53,"column":14},"end":{"line":53,"column":20}}]},"4":{"line":55,"type":"binary-expr","locations":[{"start":{"line":55,"column":16},"end":{"line":55,"column":44}},{"start":{"line":55,"column":49},"end":{"line":57,"column":43}}]},"5":{"line":55,"type":"cond-expr","locations":[{"start":{"line":56,"column":14},"end":{"line":56,"column":64}},{"start":{"line":57,"column":14},"end":{"line":57,"column":43}}]},"6":{"line":61,"type":"switch","locations":[{"start":{"line":68,"column":4},"end":{"line":150,"column":14},"skip":true},{"start":{"line":156,"column":4},"end":{"line":324,"column":14},"skip":true}]},"7":{"line":70,"type":"if","locations":[{"start":{"line":70,"column":12},"end":{"line":70,"column":12},"skip":true},{"start":{"line":70,"column":12},"end":{"line":70,"column":12},"skip":true}]},"8":{"line":70,"type":"binary-expr","locations":[{"start":{"line":70,"column":16},"end":{"line":70,"column":22},"skip":true},{"start":{"line":70,"column":27},"end":{"line":70,"column":32},"skip":true},{"start":{"line":71,"column":20},"end":{"line":71,"column":39},"skip":true},{"start":{"line":72,"column":20},"end":{"line":72,"column":49},"skip":true},{"start":{"line":73,"column":20},"end":{"line":73,"column":58},"skip":true},{"start":{"line":74,"column":20},"end":{"line":74,"column":69},"skip":true}]},"9":{"line":79,"type":"switch","locations":[{"start":{"line":80,"column":20},"end":{"line":80,"column":33},"skip":true},{"start":{"line":81,"column":20},"end":{"line":83,"column":30},"skip":true},{"start":{"line":84,"column":20},"end":{"line":85,"column":49},"skip":true}]},"10":{"line":89,"type":"switch","locations":[{"start":{"line":90,"column":12},"end":{"line":103,"column":22},"skip":true},{"start":{"line":105,"column":12},"end":{"line":106,"column":22},"skip":true}]},"11":{"line":89,"type":"binary-expr","locations":[{"start":{"line":89,"column":20},"end":{"line":89,"column":25},"skip":true},{"start":{"line":89,"column":29},"end":{"line":89,"column":48},"skip":true},{"start":{"line":89,"column":52},"end":{"line":89,"column":74},"skip":true}]},"12":{"line":92,"type":"if","locations":[{"start":{"line":92,"column":16},"end":{"line":92,"column":16},"skip":true},{"start":{"line":92,"column":16},"end":{"line":92,"column":16},"skip":true}]},"13":{"line":108,"type":"if","locations":[{"start":{"line":108,"column":12},"end":{"line":108,"column":12},"skip":true},{"start":{"line":108,"column":12},"end":{"line":108,"column":12},"skip":true}]},"14":{"line":108,"type":"binary-expr","locations":[{"start":{"line":108,"column":16},"end":{"line":108,"column":61},"skip":true},{"start":{"line":108,"column":66},"end":{"line":108,"column":72},"skip":true},{"start":{"line":108,"column":77},"end":{"line":108,"column":82},"skip":true},{"start":{"line":109,"column":20},"end":{"line":109,"column":39},"skip":true},{"start":{"line":110,"column":20},"end":{"line":110,"column":49},"skip":true},{"start":{"line":111,"column":20},"end":{"line":111,"column":58},"skip":true},{"start":{"line":112,"column":20},"end":{"line":112,"column":68},"skip":true}]},"15":{"line":129,"type":"if","locations":[{"start":{"line":129,"column":16},"end":{"line":129,"column":16},"skip":true},{"start":{"line":129,"column":16},"end":{"line":129,"column":16},"skip":true}]},"16":{"line":134,"type":"cond-expr","locations":[{"start":{"line":135,"column":26},"end":{"line":135,"column":29},"skip":true},{"start":{"line":136,"column":26},"end":{"line":136,"column":54},"skip":true}]},"17":{"line":164,"type":"binary-expr","locations":[{"start":{"line":164,"column":27},"end":{"line":164,"column":43},"skip":true},{"start":{"line":164,"column":47},"end":{"line":164,"column":49},"skip":true}]},"18":{"line":258,"type":"if","locations":[{"start":{"line":258,"column":8},"end":{"line":258,"column":8},"skip":true},{"start":{"line":258,"column":8},"end":{"line":258,"column":8},"skip":true}]},"19":{"line":275,"type":"switch","locations":[{"start":{"line":276,"column":20},"end":{"line":277,"column":64},"skip":true},{"start":{"line":278,"column":20},"end":{"line":279,"column":40},"skip":true},{"start":{"line":280,"column":20},"end":{"line":281,"column":40},"skip":true},{"start":{"line":282,"column":20},"end":{"line":283,"column":39},"skip":true}]},"20":{"line":288,"type":"if","locations":[{"start":{"line":288,"column":8},"end":{"line":288,"column":8},"skip":true},{"start":{"line":288,"column":8},"end":{"line":288,"column":8},"skip":true}]},"21":{"line":288,"type":"binary-expr","locations":[{"start":{"line":288,"column":12},"end":{"line":288,"column":40},"skip":true},{"start":{"line":288,"column":44},"end":{"line":288,"column":67},"skip":true}]},"22":{"line":292,"type":"binary-expr","locations":[{"start":{"line":292,"column":12},"end":{"line":292,"column":50},"skip":true},{"start":{"line":293,"column":12},"end":{"line":293,"column":53},"skip":true}]},"23":{"line":297,"type":"binary-expr","locations":[{"start":{"line":297,"column":12},"end":{"line":297,"column":78},"skip":true},{"start":{"line":298,"column":12},"end":{"line":301,"column":36},"skip":true}]},"24":{"line":303,"type":"binary-expr","locations":[{"start":{"line":303,"column":43},"end":{"line":303,"column":75},"skip":true},{"start":{"line":303,"column":79},"end":{"line":303,"column":81},"skip":true}]},"25":{"line":306,"type":"if","locations":[{"start":{"line":306,"column":8},"end":{"line":306,"column":8},"skip":true},{"start":{"line":306,"column":8},"end":{"line":306,"column":8},"skip":true}]},"26":{"line":310,"type":"if","locations":[{"start":{"line":310,"column":8},"end":{"line":310,"column":8},"skip":true},{"start":{"line":310,"column":8},"end":{"line":310,"column":8},"skip":true}]},"27":{"line":313,"type":"binary-expr","locations":[{"start":{"line":313,"column":27},"end":{"line":313,"column":43},"skip":true},{"start":{"line":313,"column":47},"end":{"line":313,"column":53},"skip":true}]},"28":{"line":317,"type":"if","locations":[{"start":{"line":317,"column":12},"end":{"line":317,"column":12},"skip":true},{"start":{"line":317,"column":12},"end":{"line":317,"column":12},"skip":true}]}},"code":["/*","example.js","","quickstart example","","instruction","    1. save this script as example.js","    2. run the shell command:","        $ npm install npmtest-angular-google-chart && PORT=8081 node example.js","    3. play with the browser-demo on http://127.0.0.1:8081","*/","","","","/* istanbul instrument in package npmtest_angular_google_chart */","/*jslint","    bitwise: true,","    browser: true,","    maxerr: 8,","    maxlen: 96,","    node: true,","    nomen: true,","    regexp: true,","    stupid: true","*/","(function () {","    'use strict';","    var local;","","","","    // run shared js-env code - pre-init","    (function () {","        // init local","        local = {};","        // init modeJs","        local.modeJs = (function () {","            try {","                return typeof navigator.userAgent === 'string' &&","                    typeof document.querySelector('body') === 'object' &&","                    typeof XMLHttpRequest.prototype.open === 'function' &&","                    'browser';","            } catch (errorCaughtBrowser) {","                return module.exports &&","                    typeof process.versions.node === 'string' &&","                    typeof require('http').createServer === 'function' &&","                    'node';","            }","        }());","        // init global","        local.global = local.modeJs === 'browser'","            ? window","            : global;","        // init utility2_rollup","        local = local.global.utility2_rollup || (local.modeJs === 'browser'","            ? local.global.utility2_npmtest_angular_google_chart","            : global.utility2_moduleExports);","        // export local","        local.global.local = local;","    }());","    switch (local.modeJs) {","","","","    // post-init","    // run browser js-env code - post-init","    /* istanbul ignore next */","    case 'browser':","        local.testRunBrowser = function (event) {","            if (!event || (event &&","                    event.currentTarget &&","                    event.currentTarget.className &&","                    event.currentTarget.className.includes &&","                    event.currentTarget.className.includes('onreset'))) {","                // reset output","                Array.from(","                    document.querySelectorAll('body > .resettable')","                ).forEach(function (element) {","                    switch (element.tagName) {","                    case 'INPUT':","                    case 'TEXTAREA':","                        element.value = '';","                        break;","                    default:","                        element.textContent = '';","                    }","                });","            }","            switch (event && event.currentTarget && event.currentTarget.id) {","            case 'testRunButton1':","                // show tests","                if (document.querySelector('#testReportDiv1').style.display === 'none') {","                    document.querySelector('#testReportDiv1').style.display = 'block';","                    document.querySelector('#testRunButton1').textContent =","                        'hide internal test';","                    local.modeTest = true;","                    local.testRunDefault(local);","                // hide tests","                } else {","                    document.querySelector('#testReportDiv1').style.display = 'none';","                    document.querySelector('#testRunButton1').textContent = 'run internal test';","                }","                break;","            // custom-case","            default:","                break;","            }","            if (document.querySelector('#inputTextareaEval1') && (!event || (event &&","                    event.currentTarget &&","                    event.currentTarget.className &&","                    event.currentTarget.className.includes &&","                    event.currentTarget.className.includes('oneval')))) {","                // try to eval input-code","                try {","                    /*jslint evil: true*/","                    eval(document.querySelector('#inputTextareaEval1').value);","                } catch (errorCaught) {","                    console.error(errorCaught);","                }","            }","        };","        // log stderr and stdout to #outputTextareaStdout1","        ['error', 'log'].forEach(function (key) {","            console[key + '_original'] = console[key];","            console[key] = function () {","                var element;","                console[key + '_original'].apply(console, arguments);","                element = document.querySelector('#outputTextareaStdout1');","                if (!element) {","                    return;","                }","                // append text to #outputTextareaStdout1","                element.value += Array.from(arguments).map(function (arg) {","                    return typeof arg === 'string'","                        ? arg","                        : JSON.stringify(arg, null, 4);","                }).join(' ') + '\\n';","                // scroll textarea to bottom","                element.scrollTop = element.scrollHeight;","            };","        });","        // init event-handling","        ['change', 'click', 'keyup'].forEach(function (event) {","            Array.from(document.querySelectorAll('.on' + event)).forEach(function (element) {","                element.addEventListener(event, local.testRunBrowser);","            });","        });","        // run tests","        local.testRunBrowser();","        break;","","","","    // run node js-env code - post-init","    /* istanbul ignore next */","    case 'node':","        // export local","        module.exports = local;","        // require modules","        local.fs = require('fs');","        local.http = require('http');","        local.url = require('url');","        // init assets","        local.assetsDict = local.assetsDict || {};","        /* jslint-ignore-begin */","        local.assetsDict['/assets.index.template.html'] = '\\","<!doctype html>\\n\\","<html lang=\"en\">\\n\\","<head>\\n\\","<meta charset=\"UTF-8\">\\n\\","<meta name=\"viewport\" content=\"width=device-width, initial-scale=1\">\\n\\","<title>{{env.npm_package_name}} (v{{env.npm_package_version}})</title>\\n\\","<style>\\n\\","/*csslint\\n\\","    box-sizing: false,\\n\\","    universal-selector: false\\n\\","*/\\n\\","* {\\n\\","    box-sizing: border-box;\\n\\","}\\n\\","body {\\n\\","    background: #dde;\\n\\","    font-family: Arial, Helvetica, sans-serif;\\n\\","    margin: 2rem;\\n\\","}\\n\\","body > * {\\n\\","    margin-bottom: 1rem;\\n\\","}\\n\\",".utility2FooterDiv {\\n\\","    margin-top: 20px;\\n\\","    text-align: center;\\n\\","}\\n\\","</style>\\n\\","<style>\\n\\","/*csslint\\n\\","*/\\n\\","textarea {\\n\\","    font-family: monospace;\\n\\","    height: 10rem;\\n\\","    width: 100%;\\n\\","}\\n\\","textarea[readonly] {\\n\\","    background: #ddd;\\n\\","}\\n\\","</style>\\n\\","</head>\\n\\","<body>\\n\\","<!-- utility2-comment\\n\\","<div id=\"ajaxProgressDiv1\" style=\"background: #d00; height: 2px; left: 0; margin: 0; padding: 0; position: fixed; top: 0; transition: background 0.5s, width 1.5s; width: 25%;\"></div>\\n\\","utility2-comment -->\\n\\","<h1>\\n\\","<!-- utility2-comment\\n\\","    <a\\n\\","        {{#if env.npm_package_homepage}}\\n\\","        href=\"{{env.npm_package_homepage}}\"\\n\\","        {{/if env.npm_package_homepage}}\\n\\","        target=\"_blank\"\\n\\","    >\\n\\","utility2-comment -->\\n\\","        {{env.npm_package_name}} (v{{env.npm_package_version}})\\n\\","<!-- utility2-comment\\n\\","    </a>\\n\\","utility2-comment -->\\n\\","</h1>\\n\\","<h3>{{env.npm_package_description}}</h3>\\n\\","<!-- utility2-comment\\n\\","<h4><a download href=\"assets.app.js\">download standalone app</a></h4>\\n\\","<button class=\"onclick onreset\" id=\"testRunButton1\">run internal test</button><br>\\n\\","<div id=\"testReportDiv1\" style=\"display: none;\"></div>\\n\\","utility2-comment -->\\n\\","\\n\\","\\n\\","\\n\\","<label>stderr and stdout</label>\\n\\","<textarea class=\"resettable\" id=\"outputTextareaStdout1\" readonly></textarea>\\n\\","<!-- utility2-comment\\n\\","{{#if isRollup}}\\n\\","<script src=\"assets.app.js\"></script>\\n\\","{{#unless isRollup}}\\n\\","utility2-comment -->\\n\\","<script src=\"assets.utility2.rollup.js\"></script>\\n\\","<script src=\"jsonp.utility2._stateInit?callback=window.utility2._stateInit\"></script>\\n\\","<script src=\"assets.npmtest_angular_google_chart.rollup.js\"></script>\\n\\","<script src=\"assets.example.js\"></script>\\n\\","<script src=\"assets.test.js\"></script>\\n\\","<!-- utility2-comment\\n\\","{{/if isRollup}}\\n\\","utility2-comment -->\\n\\","<div class=\"utility2FooterDiv\">\\n\\","    [ this app was created with\\n\\","    <a href=\"https://github.com/kaizhu256/node-utility2\" target=\"_blank\">utility2</a>\\n\\","    ]\\n\\","</div>\\n\\","</body>\\n\\","</html>\\n\\","';","        /* jslint-ignore-end */","        if (local.templateRender) {","            local.assetsDict['/'] = local.templateRender(","                local.assetsDict['/assets.index.template.html'],","                {","                    env: local.objectSetDefault(local.env, {","                        npm_package_description: 'the greatest app in the world!',","                        npm_package_name: 'my-app',","                        npm_package_nameAlias: 'my_app',","                        npm_package_version: '0.0.1'","                    })","                }","            );","        } else {","            local.assetsDict['/'] = local.assetsDict['/assets.index.template.html']","                .replace((/\\{\\{env\\.(\\w+?)\\}\\}/g), function (match0, match1) {","                    // jslint-hack","                    String(match0);","                    switch (match1) {","                    case 'npm_package_description':","                        return 'the greatest app in the world!';","                    case 'npm_package_name':","                        return 'my-app';","                    case 'npm_package_nameAlias':","                        return 'my_app';","                    case 'npm_package_version':","                        return '0.0.1';","                    }","                });","        }","        // run the cli","        if (local.global.utility2_rollup || module !== require.main) {","            break;","        }","        local.assetsDict['/assets.example.js'] =","            local.assetsDict['/assets.example.js'] ||","            local.fs.readFileSync(__filename, 'utf8');","        // bug-workaround - long $npm_package_buildCustomOrg","        /* jslint-ignore-begin */","        local.assetsDict['/assets.npmtest_angular_google_chart.rollup.js'] =","            local.assetsDict['/assets.npmtest_angular_google_chart.rollup.js'] ||","            local.fs.readFileSync(","                local.npmtest_angular_google_chart.__dirname + '/lib.npmtest_angular_google_chart.js',","                'utf8'","            ).replace((/^#!/), '//');","        /* jslint-ignore-end */","        local.assetsDict['/favicon.ico'] = local.assetsDict['/favicon.ico'] || '';","        // if $npm_config_timeout_exit exists,","        // then exit this process after $npm_config_timeout_exit ms","        if (Number(process.env.npm_config_timeout_exit)) {","            setTimeout(process.exit, Number(process.env.npm_config_timeout_exit));","        }","        // start server","        if (local.global.utility2_serverHttp1) {","            break;","        }","        process.env.PORT = process.env.PORT || '8081';","        console.error('server starting on port ' + process.env.PORT);","        local.http.createServer(function (request, response) {","            request.urlParsed = local.url.parse(request.url);","            if (local.assetsDict[request.urlParsed.pathname] !== undefined) {","                response.end(local.assetsDict[request.urlParsed.pathname]);","                return;","            }","            response.statusCode = 404;","            response.end();","        }).listen(process.env.PORT);","        break;","    }","}());",""],"l":{"26":2,"28":2,"33":2,"35":2,"37":2,"38":2,"39":2,"44":1,"51":2,"55":2,"59":2,"61":2,"69":1,"70":2,"76":2,"79":2,"82":2,"83":2,"85":1,"89":2,"92":1,"93":1,"94":1,"96":1,"97":1,"100":1,"101":1,"103":1,"106":1,"108":2,"114":1,"116":1,"118":1,"123":1,"124":2,"125":2,"126":3,"127":3,"128":3,"129":3,"130":1,"133":3,"134":3,"139":3,"143":1,"144":3,"145":1,"149":1,"150":1,"158":1,"160":1,"161":1,"162":1,"164":1,"166":1,"258":1,"259":1,"271":1,"274":6,"275":6,"277":1,"279":2,"281":1,"283":2,"288":1,"289":1,"291":1,"296":1,"303":1,"306":1,"307":1,"310":1,"311":1,"313":1,"314":1,"315":1,"316":1,"317":1,"318":1,"319":1,"321":1,"322":1,"324":1}},"/home/travis/build/npmtest/node-npmtest-angular-google-chart/node_modules/angular-google-chart/ng-google-chart.js":{"path":"/home/travis/build/npmtest/node-npmtest-angular-google-chart/node_modules/angular-google-chart/ng-google-chart.js","s":{"1":2,"2":2,"3":0,"4":1,"5":0,"6":0,"7":0,"8":0,"9":1,"10":1,"11":0,"12":0,"13":0,"14":0,"15":1,"16":0,"17":0,"18":0,"19":0,"20":0,"21":0,"22":1,"23":0,"24":0,"25":0,"26":0,"27":0,"28":0,"29":0,"30":0,"31":0,"32":1,"33":0,"34":0,"35":0,"36":0,"37":0,"38":0,"39":0,"40":0,"41":0,"42":0,"43":0,"44":0,"45":0,"46":1,"47":0,"48":0,"49":0,"50":0,"51":0,"52":0,"53":0,"54":0,"55":0,"56":1,"57":0,"58":0,"59":0,"60":0,"61":0,"62":0,"63":0,"64":0,"65":0,"66":0,"67":1,"68":0,"69":0,"70":0,"71":0,"72":1,"73":0,"74":1,"75":0,"76":0,"77":0,"78":0,"79":0,"80":0,"81":1,"82":0,"83":1,"84":0,"85":0,"86":1,"87":0,"88":0,"89":0,"90":0,"91":0,"92":0,"93":0,"94":1,"95":0,"96":0,"97":1,"98":0,"99":0,"100":1,"101":0,"102":0,"103":0,"104":0,"105":0,"106":1,"107":0,"108":0,"109":1,"110":0,"111":0,"112":0,"113":0,"114":0,"115":1,"116":0,"117":0,"118":1,"119":0,"120":0,"121":0,"122":0,"123":0,"124":1,"125":0,"126":0,"127":1,"128":0,"129":0,"130":0,"131":0,"132":0,"133":0,"134":1,"135":0,"136":0,"137":1,"138":0,"139":0,"140":0,"141":0,"142":0,"143":0,"144":1,"145":0,"146":0,"147":1,"148":0,"149":0,"150":0,"151":0,"152":0,"153":0,"154":1,"155":0,"156":0,"157":1,"158":0,"159":0,"160":0,"161":0,"162":0,"163":1,"164":0,"165":0,"166":1,"167":0,"168":0,"169":0,"170":0,"171":0,"172":0,"173":0,"174":0,"175":0,"176":0,"177":1,"178":0,"179":0,"180":0,"181":0,"182":0,"183":0,"184":1,"185":0,"186":0,"187":0,"188":0,"189":0,"190":0,"191":0,"192":0,"193":0,"194":0,"195":0,"196":0,"197":0,"198":0,"199":0,"200":0,"201":0,"202":0,"203":0,"204":0,"205":0,"206":0,"207":0,"208":0,"209":0,"210":0,"211":1,"212":1,"213":0,"214":0,"215":0,"216":0,"217":0,"218":0,"219":0,"220":0,"221":0,"222":0,"223":0,"224":0,"225":0,"226":0,"227":0,"228":0,"229":0,"230":0,"231":0,"232":0,"233":0,"234":1,"235":0,"236":0,"237":0,"238":0,"239":1,"240":0,"241":1,"242":0,"243":0,"244":0,"245":0,"246":1,"247":0,"248":0,"249":0,"250":0,"251":0,"252":0,"253":0,"254":0,"255":0,"256":0,"257":0,"258":0,"259":1,"260":0,"261":0,"262":0,"263":0,"264":0,"265":0,"266":0,"267":0,"268":0,"269":0,"270":0,"271":1,"272":0,"273":0,"274":0,"275":1,"276":0,"277":0,"278":0,"279":0,"280":1,"281":0,"282":0,"283":0,"284":0,"285":0,"286":0,"287":0,"288":0,"289":0,"290":0,"291":0,"292":0,"293":0,"294":0,"295":1,"296":0,"297":0,"298":0,"299":0,"300":0,"301":1,"302":0,"303":0,"304":1,"305":0,"306":0,"307":0,"308":1,"309":0,"310":1,"311":0,"312":0,"313":1,"314":0,"315":1,"316":0,"317":0,"318":1,"319":0,"320":0,"321":1,"322":0,"323":1,"324":0,"325":0,"326":1,"327":0,"328":1,"329":0,"330":1,"331":0,"332":1,"333":0,"334":1,"335":0,"336":0,"337":0,"338":1,"339":0,"340":0,"341":0,"342":0,"343":1,"344":0,"345":0,"346":0,"347":1,"348":0,"349":0,"350":0,"351":1,"352":0,"353":0,"354":0,"355":0,"356":0,"357":0,"358":0,"359":0,"360":1,"361":0,"362":0,"363":0,"364":0,"365":1,"366":0,"367":0,"368":0,"369":0,"370":0,"371":0,"372":0,"373":0},"b":{"1":[0,0],"2":[0,0],"3":[0,0],"4":[0,0],"5":[0,0],"6":[0,0],"7":[0,0],"8":[0,0],"9":[0,0],"10":[0,0],"11":[0,0,0],"12":[0,0],"13":[0,0],"14":[0,0],"15":[0,0],"16":[0,0],"17":[0,0],"18":[0,0],"19":[0,0],"20":[0,0],"21":[0,0],"22":[0,0],"23":[0,0],"24":[0,0],"25":[0,0],"26":[0,0],"27":[0,0],"28":[0,0],"29":[0,0],"30":[0,0],"31":[0,0],"32":[0,0],"33":[0,0],"34":[0,0],"35":[0,0],"36":[0,0],"37":[0,0],"38":[0,0],"39":[0,0],"40":[0,0],"41":[0,0],"42":[0,0],"43":[0,0],"44":[0,0],"45":[0,0],"46":[0,0],"47":[0,0],"48":[0,0],"49":[0,0],"50":[0,0],"51":[0,0],"52":[0,0],"53":[0,0],"54":[0,0],"55":[0,0],"56":[0,0],"57":[0,0],"58":[0,0],"59":[0,0],"60":[0,0],"61":[0,0],"62":[0,0],"63":[0,0]},"f":{"1":2,"2":0,"3":0,"4":0,"5":0,"6":0,"7":0,"8":0,"9":0,"10":0,"11":0,"12":0,"13":0,"14":0,"15":0,"16":0,"17":0,"18":0,"19":0,"20":0,"21":0,"22":0,"23":0,"24":0,"25":0,"26":0,"27":0,"28":0,"29":0,"30":0,"31":0,"32":0,"33":0,"34":0,"35":0,"36":0,"37":0,"38":0,"39":0,"40":0,"41":0,"42":0,"43":0,"44":0,"45":0,"46":0,"47":0,"48":0,"49":0,"50":0,"51":0,"52":0,"53":0,"54":0,"55":0,"56":0,"57":0,"58":0,"59":0,"60":0,"61":0,"62":0,"63":0,"64":0,"65":0,"66":0,"67":0,"68":0,"69":0,"70":0,"71":0,"72":0,"73":0,"74":0,"75":0,"76":0,"77":0,"78":0,"79":0,"80":0,"81":0,"82":0,"83":0,"84":0,"85":0,"86":0,"87":0,"88":0,"89":0,"90":0,"91":0,"92":0,"93":0,"94":0,"95":0,"96":0,"97":0,"98":0,"99":0,"100":0,"101":0,"102":0,"103":0},"fnMap":{"1":{"name":"(anonymous_1)","line":10,"loc":{"start":{"line":10,"column":1},"end":{"line":10,"column":11}}},"2":{"name":"registerResizeEvent","line":16,"loc":{"start":{"line":16,"column":4},"end":{"line":16,"column":53}}},"3":{"name":"(anonymous_3)","line":17,"loc":{"start":{"line":17,"column":48},"end":{"line":17,"column":60}}},"4":{"name":"(anonymous_4)","line":23,"loc":{"start":{"line":23,"column":1},"end":{"line":23,"column":11}}},"5":{"name":"formatManagerFactory","line":27,"loc":{"start":{"line":27,"column":8},"end":{"line":27,"column":39}}},"6":{"name":"FormatManager","line":29,"loc":{"start":{"line":29,"column":12},"end":{"line":29,"column":43}}},"7":{"name":"apply","line":36,"loc":{"start":{"line":36,"column":16},"end":{"line":36,"column":51}}},"8":{"name":"applyFormat","line":49,"loc":{"start":{"line":49,"column":16},"end":{"line":49,"column":71}}},"9":{"name":"applyFormats","line":70,"loc":{"start":{"line":70,"column":16},"end":{"line":70,"column":77}}},"10":{"name":"instantiateColorFormatters","line":95,"loc":{"start":{"line":95,"column":16},"end":{"line":95,"column":61}}},"11":{"name":"getFormatClass","line":114,"loc":{"start":{"line":114,"column":16},"end":{"line":114,"column":69}}},"12":{"name":"(anonymous_12)","line":130,"loc":{"start":{"line":130,"column":1},"end":{"line":130,"column":12}}},"13":{"name":"GoogleChartController","line":137,"loc":{"start":{"line":137,"column":4},"end":{"line":137,"column":123}}},"14":{"name":"cleanup","line":144,"loc":{"start":{"line":144,"column":8},"end":{"line":144,"column":27}}},"15":{"name":"draw","line":148,"loc":{"start":{"line":148,"column":8},"end":{"line":148,"column":24}}},"16":{"name":"drawAsync","line":160,"loc":{"start":{"line":160,"column":8},"end":{"line":160,"column":29}}},"17":{"name":"drawChartWrapper","line":166,"loc":{"start":{"line":166,"column":8},"end":{"line":166,"column":36}}},"18":{"name":"init","line":171,"loc":{"start":{"line":171,"column":8},"end":{"line":171,"column":24}}},"19":{"name":"setupAndDraw","line":192,"loc":{"start":{"line":192,"column":8},"end":{"line":192,"column":32}}},"20":{"name":"watchHandler","line":204,"loc":{"start":{"line":204,"column":8},"end":{"line":204,"column":32}}},"21":{"name":"watchValue","line":209,"loc":{"start":{"line":209,"column":8},"end":{"line":209,"column":30}}},"22":{"name":"(anonymous_22)","line":225,"loc":{"start":{"line":225,"column":1},"end":{"line":225,"column":11}}},"23":{"name":"onReadyDirective","line":229,"loc":{"start":{"line":229,"column":4},"end":{"line":229,"column":31}}},"24":{"name":"(anonymous_24)","line":234,"loc":{"start":{"line":234,"column":18},"end":{"line":234,"column":72}}},"25":{"name":"callback","line":236,"loc":{"start":{"line":236,"column":16},"end":{"line":236,"column":47}}},"26":{"name":"(anonymous_26)","line":237,"loc":{"start":{"line":237,"column":33},"end":{"line":237,"column":44}}},"27":{"name":"(anonymous_27)","line":246,"loc":{"start":{"line":246,"column":1},"end":{"line":246,"column":11}}},"28":{"name":"onClickDirective","line":250,"loc":{"start":{"line":250,"column":4},"end":{"line":250,"column":31}}},"29":{"name":"(anonymous_29)","line":255,"loc":{"start":{"line":255,"column":18},"end":{"line":255,"column":72}}},"30":{"name":"callback","line":257,"loc":{"start":{"line":257,"column":16},"end":{"line":257,"column":60}}},"31":{"name":"(anonymous_31)","line":258,"loc":{"start":{"line":258,"column":33},"end":{"line":258,"column":44}}},"32":{"name":"(anonymous_32)","line":269,"loc":{"start":{"line":269,"column":1},"end":{"line":269,"column":11}}},"33":{"name":"onErrorDirective","line":272,"loc":{"start":{"line":272,"column":4},"end":{"line":272,"column":31}}},"34":{"name":"(anonymous_34)","line":277,"loc":{"start":{"line":277,"column":18},"end":{"line":277,"column":72}}},"35":{"name":"callback","line":279,"loc":{"start":{"line":279,"column":16},"end":{"line":279,"column":60}}},"36":{"name":"(anonymous_36)","line":289,"loc":{"start":{"line":289,"column":33},"end":{"line":289,"column":43}}},"37":{"name":"(anonymous_37)","line":300,"loc":{"start":{"line":300,"column":1},"end":{"line":300,"column":11}}},"38":{"name":"agcOnMouseoutDirective","line":304,"loc":{"start":{"line":304,"column":4},"end":{"line":304,"column":37}}},"39":{"name":"(anonymous_39)","line":309,"loc":{"start":{"line":309,"column":18},"end":{"line":309,"column":72}}},"40":{"name":"callback","line":311,"loc":{"start":{"line":311,"column":16},"end":{"line":311,"column":60}}},"41":{"name":"(anonymous_41)","line":319,"loc":{"start":{"line":319,"column":33},"end":{"line":319,"column":45}}},"42":{"name":"(anonymous_42)","line":330,"loc":{"start":{"line":330,"column":1},"end":{"line":330,"column":11}}},"43":{"name":"agcOnMouseoverDirective","line":334,"loc":{"start":{"line":334,"column":4},"end":{"line":334,"column":38}}},"44":{"name":"(anonymous_44)","line":339,"loc":{"start":{"line":339,"column":18},"end":{"line":339,"column":72}}},"45":{"name":"callback","line":341,"loc":{"start":{"line":341,"column":16},"end":{"line":341,"column":60}}},"46":{"name":"(anonymous_46)","line":349,"loc":{"start":{"line":349,"column":33},"end":{"line":349,"column":45}}},"47":{"name":"(anonymous_47)","line":359,"loc":{"start":{"line":359,"column":1},"end":{"line":359,"column":11}}},"48":{"name":"onReadyDirective","line":363,"loc":{"start":{"line":363,"column":4},"end":{"line":363,"column":31}}},"49":{"name":"(anonymous_49)","line":368,"loc":{"start":{"line":368,"column":18},"end":{"line":368,"column":72}}},"50":{"name":"callback","line":370,"loc":{"start":{"line":370,"column":16},"end":{"line":370,"column":47}}},"51":{"name":"(anonymous_51)","line":371,"loc":{"start":{"line":371,"column":33},"end":{"line":371,"column":44}}},"52":{"name":"(anonymous_52)","line":381,"loc":{"start":{"line":381,"column":1},"end":{"line":381,"column":11}}},"53":{"name":"onSelectDirective","line":385,"loc":{"start":{"line":385,"column":4},"end":{"line":385,"column":32}}},"54":{"name":"(anonymous_54)","line":390,"loc":{"start":{"line":390,"column":18},"end":{"line":390,"column":72}}},"55":{"name":"callback","line":392,"loc":{"start":{"line":392,"column":16},"end":{"line":392,"column":54}}},"56":{"name":"(anonymous_56)","line":398,"loc":{"start":{"line":398,"column":33},"end":{"line":398,"column":45}}},"57":{"name":"(anonymous_57)","line":409,"loc":{"start":{"line":409,"column":1},"end":{"line":409,"column":11}}},"58":{"name":"googleChartDirective","line":415,"loc":{"start":{"line":415,"column":4},"end":{"line":415,"column":36}}},"59":{"name":"(anonymous_59)","line":426,"loc":{"start":{"line":426,"column":1},"end":{"line":426,"column":11}}},"60":{"name":"(anonymous_60)","line":436,"loc":{"start":{"line":436,"column":1},"end":{"line":436,"column":11}}},"61":{"name":"googleChartApiPromiseFactory","line":442,"loc":{"start":{"line":442,"column":4},"end":{"line":442,"column":85}}},"62":{"name":"(anonymous_62)","line":445,"loc":{"start":{"line":445,"column":21},"end":{"line":445,"column":33}}},"63":{"name":"(anonymous_63)","line":448,"loc":{"start":{"line":448,"column":26},"end":{"line":448,"column":38}}},"64":{"name":"(anonymous_64)","line":450,"loc":{"start":{"line":450,"column":38},"end":{"line":450,"column":50}}},"65":{"name":"(anonymous_65)","line":473,"loc":{"start":{"line":473,"column":40},"end":{"line":473,"column":52}}},"66":{"name":"(anonymous_66)","line":486,"loc":{"start":{"line":486,"column":1},"end":{"line":486,"column":12}}},"67":{"name":"GoogleChartServiceFactory","line":492,"loc":{"start":{"line":492,"column":4},"end":{"line":492,"column":92}}},"68":{"name":"GoogleChartService","line":493,"loc":{"start":{"line":493,"column":8},"end":{"line":493,"column":38}}},"69":{"name":"_activateServiceEvent","line":535,"loc":{"start":{"line":535,"column":12},"end":{"line":535,"column":54}}},"70":{"name":"_apiLoadFail","line":544,"loc":{"start":{"line":544,"column":12},"end":{"line":544,"column":42}}},"71":{"name":"_apiLoadSuccess","line":551,"loc":{"start":{"line":551,"column":12},"end":{"line":551,"column":40}}},"72":{"name":"_continueSetup","line":559,"loc":{"start":{"line":559,"column":12},"end":{"line":559,"column":38}}},"73":{"name":"_getSetDescendantProp","line":591,"loc":{"start":{"line":591,"column":12},"end":{"line":591,"column":61}}},"74":{"name":"_handleReady","line":614,"loc":{"start":{"line":614,"column":12},"end":{"line":614,"column":36}}},"75":{"name":"_init","line":623,"loc":{"start":{"line":623,"column":12},"end":{"line":623,"column":29}}},"76":{"name":"_registerListener","line":634,"loc":{"start":{"line":634,"column":12},"end":{"line":634,"column":98}}},"77":{"name":"(anonymous_77)","line":638,"loc":{"start":{"line":638,"column":38},"end":{"line":638,"column":49}}},"78":{"name":"(anonymous_78)","line":652,"loc":{"start":{"line":652,"column":27},"end":{"line":652,"column":38}}},"79":{"name":"_registerListenersWithGoogle","line":665,"loc":{"start":{"line":665,"column":12},"end":{"line":665,"column":83}}},"80":{"name":"_runDrawCycle","line":678,"loc":{"start":{"line":678,"column":12},"end":{"line":678,"column":37}}},"81":{"name":"draw","line":689,"loc":{"start":{"line":689,"column":12},"end":{"line":689,"column":28}}},"82":{"name":"getChartWrapper","line":696,"loc":{"start":{"line":696,"column":12},"end":{"line":696,"column":39}}},"83":{"name":"getData","line":703,"loc":{"start":{"line":703,"column":12},"end":{"line":703,"column":31}}},"84":{"name":"getElement","line":708,"loc":{"start":{"line":708,"column":12},"end":{"line":708,"column":34}}},"85":{"name":"getOption","line":712,"loc":{"start":{"line":712,"column":12},"end":{"line":712,"column":37}}},"86":{"name":"getOptions","line":717,"loc":{"start":{"line":717,"column":12},"end":{"line":717,"column":34}}},"87":{"name":"getReadyPromise","line":722,"loc":{"start":{"line":722,"column":12},"end":{"line":722,"column":39}}},"88":{"name":"getView","line":726,"loc":{"start":{"line":726,"column":12},"end":{"line":726,"column":31}}},"89":{"name":"isApiReady","line":731,"loc":{"start":{"line":731,"column":12},"end":{"line":731,"column":34}}},"90":{"name":"registerChartListener","line":735,"loc":{"start":{"line":735,"column":12},"end":{"line":735,"column":82}}},"91":{"name":"registerServiceListener","line":739,"loc":{"start":{"line":739,"column":12},"end":{"line":739,"column":84}}},"92":{"name":"registerWrapperListener","line":743,"loc":{"start":{"line":743,"column":12},"end":{"line":743,"column":84}}},"93":{"name":"setData","line":747,"loc":{"start":{"line":747,"column":12},"end":{"line":747,"column":35}}},"94":{"name":"setElement","line":754,"loc":{"start":{"line":754,"column":12},"end":{"line":754,"column":41}}},"95":{"name":"setOption","line":763,"loc":{"start":{"line":763,"column":12},"end":{"line":763,"column":44}}},"96":{"name":"setOptions","line":769,"loc":{"start":{"line":769,"column":12},"end":{"line":769,"column":41}}},"97":{"name":"setup","line":776,"loc":{"start":{"line":776,"column":12},"end":{"line":776,"column":98}}},"98":{"name":"setView","line":791,"loc":{"start":{"line":791,"column":12},"end":{"line":791,"column":35}}},"99":{"name":"(anonymous_99)","line":799,"loc":{"start":{"line":799,"column":1},"end":{"line":799,"column":11}}},"100":{"name":"googleJsapiUrlProvider","line":803,"loc":{"start":{"line":803,"column":4},"end":{"line":803,"column":38}}},"101":{"name":"(anonymous_101)","line":807,"loc":{"start":{"line":807,"column":27},"end":{"line":807,"column":50}}},"102":{"name":"(anonymous_102)","line":811,"loc":{"start":{"line":811,"column":22},"end":{"line":811,"column":40}}},"103":{"name":"(anonymous_103)","line":815,"loc":{"start":{"line":815,"column":20},"end":{"line":815,"column":32}}}},"statementMap":{"1":{"start":{"line":10,"column":0},"end":{"line":21,"column":5}},"2":{"start":{"line":11,"column":4},"end":{"line":12,"column":34}},"3":{"start":{"line":14,"column":4},"end":{"line":14,"column":60}},"4":{"start":{"line":16,"column":4},"end":{"line":20,"column":5}},"5":{"start":{"line":17,"column":8},"end":{"line":19,"column":15}},"6":{"start":{"line":18,"column":16},"end":{"line":18,"column":46}},"7":{"start":{"line":23,"column":0},"end":{"line":127,"column":5}},"8":{"start":{"line":24,"column":4},"end":{"line":25,"column":56}},"9":{"start":{"line":27,"column":8},"end":{"line":126,"column":9}},"10":{"start":{"line":29,"column":12},"end":{"line":123,"column":13}},"11":{"start":{"line":30,"column":16},"end":{"line":30,"column":32}},"12":{"start":{"line":31,"column":16},"end":{"line":31,"column":44}},"13":{"start":{"line":32,"column":16},"end":{"line":32,"column":35}},"14":{"start":{"line":33,"column":16},"end":{"line":33,"column":49}},"15":{"start":{"line":36,"column":16},"end":{"line":47,"column":17}},"16":{"start":{"line":37,"column":20},"end":{"line":37,"column":38}},"17":{"start":{"line":38,"column":20},"end":{"line":46,"column":21}},"18":{"start":{"line":39,"column":24},"end":{"line":45,"column":25}},"19":{"start":{"line":40,"column":28},"end":{"line":44,"column":29}},"20":{"start":{"line":41,"column":32},"end":{"line":43,"column":33}},"21":{"start":{"line":42,"column":36},"end":{"line":42,"column":118}},"22":{"start":{"line":49,"column":16},"end":{"line":68,"column":17}},"23":{"start":{"line":50,"column":20},"end":{"line":50,"column":26}},"24":{"start":{"line":51,"column":20},"end":{"line":67,"column":21}},"25":{"start":{"line":53,"column":24},"end":{"line":66,"column":25}},"26":{"start":{"line":54,"column":28},"end":{"line":54,"column":82}},"27":{"start":{"line":55,"column":28},"end":{"line":55,"column":59}},"28":{"start":{"line":57,"column":28},"end":{"line":65,"column":29}},"29":{"start":{"line":58,"column":32},"end":{"line":58,"column":69}},"30":{"start":{"line":60,"column":32},"end":{"line":64,"column":33}},"31":{"start":{"line":61,"column":36},"end":{"line":63,"column":38}},"32":{"start":{"line":70,"column":16},"end":{"line":93,"column":17}},"33":{"start":{"line":71,"column":20},"end":{"line":71,"column":70}},"34":{"start":{"line":72,"column":20},"end":{"line":74,"column":21}},"35":{"start":{"line":73,"column":24},"end":{"line":73,"column":55}},"36":{"start":{"line":75,"column":20},"end":{"line":90,"column":21}},"37":{"start":{"line":76,"column":24},"end":{"line":89,"column":25}},"38":{"start":{"line":77,"column":28},"end":{"line":77,"column":87}},"39":{"start":{"line":78,"column":28},"end":{"line":82,"column":29}},"40":{"start":{"line":81,"column":32},"end":{"line":81,"column":41}},"41":{"start":{"line":83,"column":28},"end":{"line":83,"column":75}},"42":{"start":{"line":86,"column":28},"end":{"line":88,"column":29}},"43":{"start":{"line":87,"column":32},"end":{"line":87,"column":52}},"44":{"start":{"line":91,"column":20},"end":{"line":91,"column":47}},"45":{"start":{"line":92,"column":20},"end":{"line":92,"column":58}},"46":{"start":{"line":95,"column":16},"end":{"line":112,"column":17}},"47":{"start":{"line":96,"column":20},"end":{"line":96,"column":70}},"48":{"start":{"line":97,"column":20},"end":{"line":111,"column":21}},"49":{"start":{"line":98,"column":24},"end":{"line":98,"column":78}},"50":{"start":{"line":100,"column":24},"end":{"line":108,"column":25}},"51":{"start":{"line":101,"column":28},"end":{"line":101,"column":70}},"52":{"start":{"line":103,"column":28},"end":{"line":107,"column":29}},"53":{"start":{"line":104,"column":32},"end":{"line":104,"column":127}},"54":{"start":{"line":106,"column":32},"end":{"line":106,"column":99}},"55":{"start":{"line":110,"column":24},"end":{"line":110,"column":68}},"56":{"start":{"line":114,"column":16},"end":{"line":122,"column":17}},"57":{"start":{"line":115,"column":20},"end":{"line":115,"column":118}},"58":{"start":{"line":116,"column":20},"end":{"line":120,"column":21}},"59":{"start":{"line":117,"column":24},"end":{"line":117,"column":63}},"60":{"start":{"line":118,"column":27},"end":{"line":120,"column":21}},"61":{"start":{"line":119,"column":24},"end":{"line":119,"column":60}},"62":{"start":{"line":121,"column":20},"end":{"line":121,"column":27}},"63":{"start":{"line":125,"column":12},"end":{"line":125,"column":33}},"64":{"start":{"line":130,"column":0},"end":{"line":223,"column":5}},"65":{"start":{"line":132,"column":4},"end":{"line":133,"column":68}},"66":{"start":{"line":135,"column":4},"end":{"line":135,"column":141}},"67":{"start":{"line":137,"column":4},"end":{"line":222,"column":5}},"68":{"start":{"line":138,"column":8},"end":{"line":138,"column":24}},"69":{"start":{"line":139,"column":8},"end":{"line":139,"column":26}},"70":{"start":{"line":140,"column":8},"end":{"line":140,"column":31}},"71":{"start":{"line":142,"column":8},"end":{"line":142,"column":15}},"72":{"start":{"line":144,"column":8},"end":{"line":146,"column":9}},"73":{"start":{"line":145,"column":12},"end":{"line":145,"column":28}},"74":{"start":{"line":148,"column":8},"end":{"line":157,"column":9}},"75":{"start":{"line":149,"column":12},"end":{"line":156,"column":13}},"76":{"start":{"line":150,"column":16},"end":{"line":150,"column":38}},"77":{"start":{"line":151,"column":16},"end":{"line":151,"column":48}},"78":{"start":{"line":153,"column":17},"end":{"line":156,"column":13}},"79":{"start":{"line":154,"column":16},"end":{"line":154,"column":52}},"80":{"start":{"line":155,"column":16},"end":{"line":155,"column":56}},"81":{"start":{"line":160,"column":8},"end":{"line":163,"column":9}},"82":{"start":{"line":161,"column":12},"end":{"line":162,"column":28}},"83":{"start":{"line":166,"column":8},"end":{"line":169,"column":9}},"84":{"start":{"line":167,"column":12},"end":{"line":167,"column":38}},"85":{"start":{"line":168,"column":12},"end":{"line":168,"column":35}},"86":{"start":{"line":171,"column":8},"end":{"line":190,"column":9}},"87":{"start":{"line":173,"column":12},"end":{"line":173,"column":58}},"88":{"start":{"line":175,"column":12},"end":{"line":175,"column":82}},"89":{"start":{"line":176,"column":12},"end":{"line":176,"column":86}},"90":{"start":{"line":177,"column":12},"end":{"line":177,"column":86}},"91":{"start":{"line":183,"column":12},"end":{"line":183,"column":58}},"92":{"start":{"line":186,"column":12},"end":{"line":186,"column":67}},"93":{"start":{"line":189,"column":12},"end":{"line":189,"column":44}},"94":{"start":{"line":192,"column":8},"end":{"line":202,"column":9}},"95":{"start":{"line":193,"column":12},"end":{"line":199,"column":41}},"96":{"start":{"line":201,"column":12},"end":{"line":201,"column":39}},"97":{"start":{"line":204,"column":8},"end":{"line":207,"column":9}},"98":{"start":{"line":205,"column":12},"end":{"line":205,"column":52}},"99":{"start":{"line":206,"column":12},"end":{"line":206,"column":24}},"100":{"start":{"line":209,"column":8},"end":{"line":221,"column":9}},"101":{"start":{"line":210,"column":12},"end":{"line":210,"column":57}},"102":{"start":{"line":211,"column":12},"end":{"line":220,"column":13}},"103":{"start":{"line":212,"column":16},"end":{"line":219,"column":18}},"104":{"start":{"line":225,"column":0},"end":{"line":245,"column":5}},"105":{"start":{"line":226,"column":4},"end":{"line":227,"column":54}},"106":{"start":{"line":229,"column":4},"end":{"line":244,"column":5}},"107":{"start":{"line":230,"column":8},"end":{"line":243,"column":10}},"108":{"start":{"line":235,"column":16},"end":{"line":235,"column":50}},"109":{"start":{"line":236,"column":16},"end":{"line":240,"column":17}},"110":{"start":{"line":237,"column":20},"end":{"line":239,"column":23}},"111":{"start":{"line":238,"column":24},"end":{"line":238,"column":87}},"112":{"start":{"line":241,"column":16},"end":{"line":241,"column":92}},"113":{"start":{"line":246,"column":0},"end":{"line":266,"column":5}},"114":{"start":{"line":247,"column":4},"end":{"line":248,"column":51}},"115":{"start":{"line":250,"column":4},"end":{"line":265,"column":5}},"116":{"start":{"line":251,"column":8},"end":{"line":264,"column":10}},"117":{"start":{"line":256,"column":16},"end":{"line":256,"column":69}},"118":{"start":{"line":257,"column":16},"end":{"line":261,"column":17}},"119":{"start":{"line":258,"column":20},"end":{"line":260,"column":23}},"120":{"start":{"line":259,"column":24},"end":{"line":259,"column":110}},"121":{"start":{"line":262,"column":16},"end":{"line":262,"column":85}},"122":{"start":{"line":269,"column":0},"end":{"line":297,"column":5}},"123":{"start":{"line":270,"column":4},"end":{"line":271,"column":51}},"124":{"start":{"line":272,"column":4},"end":{"line":296,"column":5}},"125":{"start":{"line":273,"column":8},"end":{"line":295,"column":10}},"126":{"start":{"line":278,"column":16},"end":{"line":278,"column":69}},"127":{"start":{"line":279,"column":16},"end":{"line":292,"column":17}},"128":{"start":{"line":280,"column":20},"end":{"line":288,"column":22}},"129":{"start":{"line":289,"column":20},"end":{"line":291,"column":23}},"130":{"start":{"line":290,"column":24},"end":{"line":290,"column":68}},"131":{"start":{"line":293,"column":16},"end":{"line":293,"column":87}},"132":{"start":{"line":300,"column":0},"end":{"line":327,"column":5}},"133":{"start":{"line":301,"column":4},"end":{"line":302,"column":60}},"134":{"start":{"line":304,"column":4},"end":{"line":326,"column":5}},"135":{"start":{"line":305,"column":8},"end":{"line":325,"column":10}},"136":{"start":{"line":310,"column":16},"end":{"line":310,"column":69}},"137":{"start":{"line":311,"column":16},"end":{"line":322,"column":17}},"138":{"start":{"line":312,"column":20},"end":{"line":318,"column":22}},"139":{"start":{"line":319,"column":20},"end":{"line":321,"column":23}},"140":{"start":{"line":320,"column":24},"end":{"line":320,"column":71}},"141":{"start":{"line":323,"column":16},"end":{"line":323,"column":90}},"142":{"start":{"line":330,"column":0},"end":{"line":357,"column":5}},"143":{"start":{"line":331,"column":4},"end":{"line":332,"column":62}},"144":{"start":{"line":334,"column":4},"end":{"line":356,"column":5}},"145":{"start":{"line":335,"column":8},"end":{"line":355,"column":10}},"146":{"start":{"line":340,"column":16},"end":{"line":340,"column":69}},"147":{"start":{"line":341,"column":16},"end":{"line":352,"column":17}},"148":{"start":{"line":342,"column":20},"end":{"line":348,"column":22}},"149":{"start":{"line":349,"column":20},"end":{"line":351,"column":23}},"150":{"start":{"line":350,"column":24},"end":{"line":350,"column":72}},"151":{"start":{"line":353,"column":16},"end":{"line":353,"column":91}},"152":{"start":{"line":359,"column":0},"end":{"line":379,"column":5}},"153":{"start":{"line":360,"column":4},"end":{"line":361,"column":51}},"154":{"start":{"line":363,"column":4},"end":{"line":378,"column":5}},"155":{"start":{"line":364,"column":8},"end":{"line":377,"column":10}},"156":{"start":{"line":369,"column":16},"end":{"line":369,"column":50}},"157":{"start":{"line":370,"column":16},"end":{"line":374,"column":17}},"158":{"start":{"line":371,"column":20},"end":{"line":373,"column":23}},"159":{"start":{"line":372,"column":24},"end":{"line":372,"column":84}},"160":{"start":{"line":375,"column":16},"end":{"line":375,"column":87}},"161":{"start":{"line":381,"column":0},"end":{"line":406,"column":5}},"162":{"start":{"line":382,"column":4},"end":{"line":383,"column":53}},"163":{"start":{"line":385,"column":4},"end":{"line":405,"column":5}},"164":{"start":{"line":386,"column":8},"end":{"line":404,"column":10}},"165":{"start":{"line":391,"column":16},"end":{"line":391,"column":61}},"166":{"start":{"line":392,"column":16},"end":{"line":401,"column":17}},"167":{"start":{"line":393,"column":20},"end":{"line":393,"column":87}},"168":{"start":{"line":395,"column":20},"end":{"line":395,"column":94}},"169":{"start":{"line":396,"column":20},"end":{"line":396,"column":69}},"170":{"start":{"line":397,"column":20},"end":{"line":397,"column":55}},"171":{"start":{"line":398,"column":20},"end":{"line":400,"column":23}},"172":{"start":{"line":399,"column":24},"end":{"line":399,"column":77}},"173":{"start":{"line":402,"column":16},"end":{"line":402,"column":88}},"174":{"start":{"line":409,"column":0},"end":{"line":423,"column":5}},"175":{"start":{"line":410,"column":4},"end":{"line":411,"column":56}},"176":{"start":{"line":413,"column":4},"end":{"line":413,"column":38}},"177":{"start":{"line":415,"column":4},"end":{"line":422,"column":5}},"178":{"start":{"line":417,"column":8},"end":{"line":421,"column":10}},"179":{"start":{"line":426,"column":0},"end":{"line":434,"column":5}},"180":{"start":{"line":427,"column":4},"end":{"line":433,"column":11}},"181":{"start":{"line":436,"column":0},"end":{"line":484,"column":5}},"182":{"start":{"line":437,"column":4},"end":{"line":438,"column":72}},"183":{"start":{"line":440,"column":4},"end":{"line":440,"column":106}},"184":{"start":{"line":442,"column":4},"end":{"line":483,"column":5}},"185":{"start":{"line":443,"column":8},"end":{"line":443,"column":70}},"186":{"start":{"line":444,"column":8},"end":{"line":444,"column":34}},"187":{"start":{"line":445,"column":8},"end":{"line":463,"column":10}},"188":{"start":{"line":447,"column":12},"end":{"line":458,"column":14}},"189":{"start":{"line":449,"column":20},"end":{"line":449,"column":68}},"190":{"start":{"line":450,"column":20},"end":{"line":452,"column":23}},"191":{"start":{"line":451,"column":24},"end":{"line":451,"column":49}},"192":{"start":{"line":454,"column":20},"end":{"line":456,"column":21}},"193":{"st
[...]
line":183,"column":20}}]},"18":{"line":183,"type":"binary-expr","locations":[{"start":{"line":183,"column":24},"end":{"line":183,"column":68}},{"start":{"line":183,"column":72},"end":{"line":183,"column":118}}]},"19":{"line":185,"type":"if","locations":[{"start":{"line":185,"column":28},"end":{"line":185,"column":28}},{"start":{"line":185,"column":28},"end":{"line":185,"column":28}}]},"20":{"line":206,"type":"if","locations":[{"start":{"line":206,"column":16},"end":{"line":206,"column":16}},{"start":{"line":206,"column":16},"end":{"line":206,"column":16}}]},"21":{"line":220,"type":"binary-expr","locations":[{"start":{"line":220,"column":27},"end":{"line":220,"column":32}},{"start":{"line":220,"column":36},"end":{"line":220,"column":38}}]},"22":{"line":229,"type":"binary-expr","locations":[{"start":{"line":229,"column":30},"end":{"line":229,"column":38}},{"start":{"line":229,"column":42},"end":{"line":229,"column":44}}]},"23":{"line":234,"type":"binary-expr","locations":[{"start":{"line":234,"column":30},"end":{"line":234,"column":38}},{"start":{"line":234,"column":42},"end":{"line":234,"column":44}}]},"24":{"line":243,"type":"binary-expr","locations":[{"start":{"line":243,"column":27},"end":{"line":243,"column":32}},{"start":{"line":243,"column":36},"end":{"line":243,"column":38}}]},"25":{"line":264,"type":"if","locations":[{"start":{"line":264,"column":16},"end":{"line":264,"column":16}},{"start":{"line":264,"column":16},"end":{"line":264,"column":16}}]},"26":{"line":271,"type":"if","locations":[{"start":{"line":271,"column":16},"end":{"line":271,"column":16}},{"start":{"line":271,"column":16},"end":{"line":271,"column":16}}]},"27":{"line":271,"type":"binary-expr","locations":[{"start":{"line":271,"column":20},"end":{"line":271,"column":46}},{"start":{"line":271,"column":50},"end":{"line":271,"column":70}}]},"28":{"line":280,"type":"binary-expr","locations":[{"start":{"line":280,"column":27},"end":{"line":280,"column":35}},{"start":{"line":280,"column":39},"end":{"line":280,"column":41}}]},"29":{"line":286,"type":"if","locations":[{"start":{"line":286,"column":16},"end":{"line":286,"column":16}},{"start":{"line":286,"column":16},"end":{"line":286,"column":16}}]},"30":{"line":296,"type":"binary-expr","locations":[{"start":{"line":296,"column":27},"end":{"line":296,"column":34}},{"start":{"line":296,"column":38},"end":{"line":296,"column":46}}]},"31":{"line":297,"type":"binary-expr","locations":[{"start":{"line":297,"column":29},"end":{"line":297,"column":38}},{"start":{"line":297,"column":42},"end":{"line":297,"column":52}}]},"32":{"line":298,"type":"binary-expr","locations":[{"start":{"line":298,"column":24},"end":{"line":298,"column":28}},{"start":{"line":298,"column":32},"end":{"line":298,"column":37}}]},"33":{"line":299,"type":"binary-expr","locations":[{"start":{"line":299,"column":24},"end":{"line":299,"column":28}},{"start":{"line":299,"column":32},"end":{"line":299,"column":37}}]},"34":{"line":300,"type":"binary-expr","locations":[{"start":{"line":300,"column":27},"end":{"line":300,"column":34}},{"start":{"line":300,"column":38},"end":{"line":300,"column":46}}]},"35":{"line":301,"type":"binary-expr","locations":[{"start":{"line":301,"column":30},"end":{"line":301,"column":40}},{"start":{"line":301,"column":44},"end":{"line":301,"column":55}}]},"36":{"line":302,"type":"binary-expr","locations":[{"start":{"line":302,"column":36},"end":{"line":302,"column":52}},{"start":{"line":302,"column":56},"end":{"line":302,"column":73}}]}},"code":["/* global angular */","(function() {","    angular.module('googlechart')","        .factory('GoogleChartService', GoogleChartServiceFactory);","","    GoogleChartServiceFactory.$inject = ['googleChartApiPromise', '$injector', '$q', 'FormatManager'];","","    function GoogleChartServiceFactory(googleChartApiPromise, $injector, $q, FormatManager) {","        function GoogleChartService() {","            var self = this;","            self.draw = draw;","            self.getChartWrapper = getChartWrapper;","            self.getData = getData;","            self.getElement = getElement;","            self.getOption = getOption;","            self.getOptions = getOptions;","            self.getView = getView;","            self.getReadyPromise = getReadyPromise;","            self.isApiReady = isApiReady;","            self.registerChartListener = registerChartListener;","            self.registerServiceListener = registerServiceListener;","            self.registerWrapperListener = registerWrapperListener;","            self.setData = setData;","            self.setElement = setElement;","            self.setOption = setOption;","            self.setOptions = setOptions;","            self.setup = setup;","            self.setView = setView;","","            var $google,","                _apiPromise,","                _apiReady,","                _chartWrapper,","                _element,","                _chartType,","                _data,","                _view,","                _options,","                _formatters,","                _innerVisualization,","                _formatManager,","                _needsUpdate = true,","                _customFormatters,","                _serviceDeferred,","                serviceListeners = {},","                wrapperListeners = {},","                chartListeners = {};","","            _init();","","            function _activateServiceEvent(eventName) {","                var i;","                if (angular.isArray(serviceListeners[eventName])) {","                    for (i = 0; i < serviceListeners[eventName].length; i++) {","                        serviceListeners[eventName][i]();","                    }","                }","            }","","            function _apiLoadFail(reason) {","                // Not sure what to do if this does happen.","                // Post your suggestions in the issues tracker at","                // https://github.com/angular-google-chart/angular-google-chart/","                return reason;","            }","","            function _apiLoadSuccess(g) {","                $google = g;","                _apiReady = true;","                _serviceDeferred.resolve();","                return g;","            }","","","            function _continueSetup() {","                if (!angular.isDefined(_chartWrapper)) {","                    _chartWrapper = new $google.visualization.ChartWrapper({","                        chartType: _chartType,","                        dataTable: _data,","                        view: _view,","                        options: _options,","                        containerId: _element[0]","                    });","                    _registerListenersWithGoogle(_chartWrapper, wrapperListeners);","                }","                else {","                    _chartWrapper.setChartType(_chartType);","                    _chartWrapper.setDataTable(_data);","                    _chartWrapper.setView(_view);","                    _chartWrapper.setOptions(_options);","                }","","                if (!_formatManager) {","                    _formatManager = new FormatManager($google);","                }","","                if (_formatManager.applyFormats(_chartWrapper.getDataTable(),","                        _formatters, _customFormatters).requiresHtml) {","                    _chartWrapper.setOption('allowHtml', true);","                }","","                _needsUpdate = false;","            }","","            // Credit for this solution:","            // http://stackoverflow.com/a/20125572/3771976","            function _getSetDescendantProp(obj, desc, value) {","                var arr = desc ? desc.split(\".\") : [];","","                while (arr.length && obj) {","                    var comp = arr.shift();","                    var match = new RegExp(\"(.+)\\\\[([0-9]*)\\\\]\").exec(comp);","","                    if (value) {","                        if (obj[comp] === undefined) {","                            obj[comp] = {};","                        }","","                        if (arr.length === 0) {","                            obj[comp] = value;","                        }","                    }","","                    obj = obj[comp];","                }","","                return obj;","            }","","            function _handleReady() {","                // When the chartWrapper is ready, check to see if the inner chart","                // has changed. If it has, re-register listeners onto that chart.","                if (_innerVisualization !== _chartWrapper.getChart()) {","                    _innerVisualization = _chartWrapper.getChart();","                    _registerListenersWithGoogle(_innerVisualization, chartListeners);","                }","            }","","            function _init() {","                _apiReady = false;","                _serviceDeferred = $q.defer();","                //keeps the resulting promise to chain on other actions","                _apiPromise = googleChartApiPromise","                    .then(_apiLoadSuccess)","                    .catch(_apiLoadFail);","","                registerWrapperListener('ready', _handleReady, self);","            }","","            function _registerListener(listenerCollection, eventName, listenerFn, listenerObject) {","                // This is the function that will be invoked by the charts API.","                // Passing the wrapper function allows the use of DI for","                // for the called function.","                var listenerWrapper = function() {","                    var locals = {","                        chartWrapper: _chartWrapper,","                        chart: _chartWrapper.getChart(),","                        args: arguments","                    };","                    $injector.invoke(listenerFn, listenerObject || this, locals);","                };","","                if (angular.isDefined(listenerCollection) && angular.isObject(listenerCollection)) {","                    if (!angular.isArray(listenerCollection[eventName])) {","                        listenerCollection[eventName] = [];","                    }","                    listenerCollection[eventName].push(listenerWrapper);","                    return function() {","                        if (angular.isDefined(listenerWrapper.googleListenerHandle)) {","                            $google.visualization.events.removeListener(listenerWrapper.googleListenerHandle);","                        }","                        var fnIndex = listenerCollection[eventName].indexOf(listenerWrapper);","                        listenerCollection[eventName].splice(fnIndex, 1);","                        if (listenerCollection[eventName].length === 0) {","                            listenerCollection[eventName] = undefined;","                        }","                    };","                }","            }","","            function _registerListenersWithGoogle(eventSource, listenerCollection) {","                for (var eventName in listenerCollection) {","                    if (listenerCollection.hasOwnProperty(eventName) && angular.isArray(listenerCollection[eventName])) {","                        for (var fnIterator = 0; fnIterator < listenerCollection[eventName].length; fnIterator++) {","                            if (angular.isFunction(listenerCollection[eventName][fnIterator])) {","                                listenerCollection[eventName][fnIterator].googleListenerHandle =","                                    $google.visualization.events.addListener(eventSource, eventName, listenerCollection[eventName][fnIterator]);","                            }","                        }","                    }","                }","            }","","            function _runDrawCycle() {","                _activateServiceEvent('beforeDraw');","                _chartWrapper.draw();","            }","","            /*","            This function does this:","                - waits for API to load, if not already loaded","                - sets up ChartWrapper object (create or update)","                - schedules timeout event to draw chart","            */","            function draw() {","                if (_needsUpdate) {","                    _apiPromise = _apiPromise.then(_continueSetup);","                }","                _apiPromise = _apiPromise.then(_runDrawCycle());","            }","","            function getChartWrapper() {","                // Most get functions on this interface return copies,","                // this one should return reference so as to expose the ","                //chart api to users","                return _chartWrapper;","            }","","            function getData() {","                var data = _data || {};","                return angular.copy(data);","            }","","            function getElement() {","                return _element;","            }","","            function getOption(name) {","                var options = _options || {};","                return _getSetDescendantProp(options, name);","            }","","            function getOptions() {","                var options = _options || {};","                return angular.copy(options);","            }","","            function getReadyPromise() {","                return _serviceDeferred.promise;","            }","","            function getView() {","                var view = _view || {};","                return angular.copy(view);","            }","","            function isApiReady() {","                return _apiReady;","            }","","            function registerChartListener(eventName, listenerFn, listenerObject) {","                return _registerListener(chartListeners, eventName, listenerFn, listenerObject);","            }","","            function registerServiceListener(eventName, listenerFn, listenerObject) {","                return _registerListener(serviceListeners, eventName, listenerFn, listenerObject);","            }","","            function registerWrapperListener(eventName, listenerFn, listenerObject) {","                return _registerListener(wrapperListeners, eventName, listenerFn, listenerObject);","            }","","            function setData(data) {","                if (angular.isDefined(data)) {","                    _data = angular.copy(data);","                    _needsUpdate = true;","                }","            }","","            function setElement(element) {","                if (angular.isElement(element) && _element !== element) {","                    _element = element;","                    // clear out the chartWrapper because we're going to need a new one","                    _chartWrapper = null;","                    _needsUpdate = true;","                }","            }","","            function setOption(name, value) {","                _options = _options || {};","                _getSetDescendantProp(_options, name, angular.copy(value));","                _needsUpdate = true;","            }","","            function setOptions(options) {","                if (angular.isDefined(options)) {","                    _options = angular.copy(options);","                    _needsUpdate = true;","                }","            }","","            function setup(element, chartType, data, view, options, formatters, customFormatters) {","                // Keep values if already set,","                // can call setup() with nulls to keep","                // existing values","                _element = element || _element;","                _chartType = chartType || _chartType;","                _data = data || _data;","                _view = view || _view;","                _options = options || _options;","                _formatters = formatters || _formatters;","                _customFormatters = customFormatters || _customFormatters;","","                _apiPromise = _apiPromise.then(_continueSetup);","            }","","            function setView(view) {","                _view = angular.copy(view);","            }","        }","        return GoogleChartService;","    }","})();"],"l":{"2":2,"3":2,"6":0,"8":1,"9":1,"10":0,"11":0,"12":0,"13":0,"14":0,"15":0,"16":0,"17":0,"18":0,"19":0,"20":0,"21":0,"22":0,"23":0,"24":0,"25":0,"26":0,"27":0,"28":0,"30":0,"49":0,"51":1,"52":0,"53":0,"54":0,"55":0,"60":1,"64":0,"67":1,"68":0,"69":0,"70":0,"71":0,"75":1,"76":0,"77":0,"84":0,"87":0,"88":0,"89":0,"90":0,"93":0,"94":0,"97":0,"99":0,"102":0,"107":1,"108":0,"110":0,"111":0,"112":0,"114":0,"115":0,"116":0,"119":0,"120":0,"124":0,"127":0,"130":1,"133":0,"134":0,"135":0,"139":1,"140":0,"141":0,"143":0,"147":0,"150":1,"154":0,"155":0,"160":0,"163":0,"164":0,"165":0,"167":0,"168":0,"169":0,"170":0,"172":0,"173":0,"174":0,"175":0,"181":1,"182":0,"183":0,"184":0,"185":0,"186":0,"194":1,"195":0,"196":0,"205":1,"206":0,"207":0,"209":0,"212":1,"216":0,"219":1,"220":0,"221":0,"224":1,"225":0,"228":1,"229":0,"230":0,"233":1,"234":0,"235":0,"238":1,"239":0,"242":1,"243":0,"244":0,"247":1,"248":0,"251":1,"252":0,"255":1,"256":0,"259":1,"260":0,"263":1,"264":0,"265":0,"266":0,"270":1,"271":0,"272":0,"274":0,"275":0,"279":1,"280":0,"281":0,"282":0,"285":1,"286":0,"287":0,"288":0,"292":1,"296":0,"297":0,"298":0,"299":0,"300":0,"301":0,"302":0,"304":0,"307":1,"308":0,"311":0}},"/home/travis/build/npmtest/node-npmtest-angular-google-chart/node_modules/angular-google-chart/src/googleJsapiUrl.js":{"path":"/home/travis/build/npmtest/node-npmtest-angular-google-chart/node_modules/angular-google-chart/src/googleJsapiUrl.js","s":{"1":2,"2":2,"3":1,"4":0,"5":0,"6":0,"7":0,"8":0,"9":0,"10":0,"11":0},"b":{"1":[0,0]},"f":{"1":2,"2":0,"3":0,"4":0,"5":0},"fnMap":{"1":{"name":"(anonymous_1)","line":2,"loc":{"start":{"line":2,"column":1},"end":{"line":2,"column":11}}},"2":{"name":"googleJsapiUrlProvider","line":6,"loc":{"start":{"line":6,"column":4},"end":{"line":6,"column":38}}},"3":{"name":"(anonymous_3)","line":10,"loc":{"start":{"line":10,"column":27},"end":{"line":10,"column":50}}},"4":{"name":"(anonymous_4)","line":14,"loc":{"start":{"line":14,"column":22},"end":{"line":14,"column":40}}},"5":{"name":"(anonymous_5)","line":18,"loc":{"start":{"line":18,"column":20},"end":{"line":18,"column":32}}}},"statementMap":{"1":{"start":{"line":2,"column":0},"end":{"line":22,"column":5}},"2":{"start":{"line":3,"column":4},"end":{"line":4,"column":60}},"3":{"start":{"line":6,"column":4},"end":{"line":21,"column":5}},"4":{"start":{"line":7,"column":8},"end":{"line":7,"column":32}},"5":{"start":{"line":8,"column":8},"end":{"line":8,"column":43}},"6":{"start":{"line":10,"column":8},"end":{"line":12,"column":10}},"7":{"start":{"line":11,"column":12},"end":{"line":11,"column":35}},"8":{"start":{"line":14,"column":8},"end":{"line":16,"column":10}},"9":{"start":{"line":15,"column":12},"end":{"line":15,"column":25}},"10":{"start":{"line":18,"column":8},"end":{"line":20,"column":10}},"11":{"start":{"line":19,"column":12},"end":{"line":19,"column":52}}},"branchMap":{"1":{"line":19,"type":"cond-expr","locations":[{"start":{"line":19,"column":31},"end":{"line":19,"column":39}},{"start":{"line":19,"column":42},"end":{"line":19,"column":44}}]}},"code":["/* global angular */","(function(){","    angular.module('googlechart')","        .provider('googleJsapiUrl', googleJsapiUrlProvider);","        ","    function googleJsapiUrlProvider() {","        var protocol = 'https:';","        var url = '//www.google.com/jsapi';","        ","        this.setProtocol = function (newProtocol) {","            protocol = newProtocol;","        };","","        this.setUrl = function (newUrl) {","            url = newUrl;","        };","","        this.$get = function () {","            return (protocol ? protocol : '') + url;","        };","    }","})();"],"l":{"2":2,"3":2,"6":1,"7":0,"8":0,"10":0,"11":0,"14":0,"15":0,"18":0,"19":0}}}